PALSfit - Version 3.251 26-apr-2022 - Licensed to David J Keeble
Input file: C:\Users\ftamb\Documents\Pals\221127\t240_80_20.tmp
P O S I T R O N F I T . Version 3.251     Job time 13:32:22.51 27-NOV-22
************************************************************************
00001 Untitled 13:01:27.05 27-NOV-22
Intrinsic spectrum
************************************************************************
Dataset 1

Time scale   ns/channel       :   0.005000
Area range   starts in ch     1 and ends in ch   10000
Fit range    starts in ch  1367 and ends in ch    8283

----------------- I n i t i a l    P a r a m e t e r s -----------------
Resolution function:

FWHM (ns)           :    0.2130    0.1500    0.2650
Intensities (%)     :   80.0000   10.0000   10.0000
Shifts (ns)         :    0.0000   -0.0050    0.0170

Time-zero (ch.no)   : 1404.0000G

Lifetimes (ns)      :    0.1000G   0.5000G


----------------- N o  S o u r c e  C o r r e c t i o n ----------------

####################### F i n a l  R e s u l t s #######################
Dataset 1

Convergence obtained after 16 iterations
Chi-square =      7461.14  with 6911 degrees of freedom
Reduced chi-square = chi-square/dof =    1.080  with std deviation 0.017
Significance of imperfect model = 100.00 %

Lifetimes (ns)      :    0.1823    0.2408
Std deviations      :    0.0026    0.0101

Intensities (%)     :   80.5414   19.4586
Std deviations      :    6.7471    6.7471

Mean lifetime(ns)   :    0.1937
Std deviation       :    0.0001

Background (counts/channel)   :     8.5019
             Std deviation    :     0.0353

Time-zero (channel no.)       :  1400.0024
             Std deviation    :     0.0224

Total area   from fit         : 5.73462E+06     from table : 5.73500E+06

######################### P o s i t r o n F i t ########################

Time for this job:     0.52 seconds.
