PALSfit - Version 3.251 26-apr-2022 - Licensed to David J Keeble
Input file: 
C:\Users\ftamb\Documents\GitHub\Palsfit\Batch 2\180_270\50_50\t270_50_50.tmp
P O S I T R O N F I T . Version 3.251     Job time 16:00:05.39 28-NOV-22
************************************************************************
00001 Untitled 13:07:48.63 27-NOV-22
Intrinsic spectrum
************************************************************************
Dataset 1

Time scale   ns/channel       :   0.005000
Area range   starts in ch     1 and ends in ch   10000
Fit range    starts in ch  1367 and ends in ch    8284

----------------- I n i t i a l    P a r a m e t e r s -----------------
Resolution function:

FWHM (ns)           :    0.2130    0.1500    0.2650
Intensities (%)     :   80.0000   10.0000   10.0000
Shifts (ns)         :    0.0000   -0.0050    0.0170

Time-zero (ch.no)   : 1405.0000G

Lifetimes (ns)      :    0.1000G   0.5000G


----------------- N o  S o u r c e  C o r r e c t i o n ----------------

####################### F i n a l  R e s u l t s #######################
Dataset 1

Convergence obtained after 9 iterations
Chi-square =      7443.30  with 6912 degrees of freedom
Reduced chi-square = chi-square/dof =    1.077  with std deviation 0.017
Significance of imperfect model = 100.00 %

Lifetimes (ns)      :    0.1829    0.2711
Std deviations      :    0.0026    0.0026

Intensities (%)     :   50.9767   49.0233
Std deviations      :    2.8186    2.8186

Mean lifetime(ns)   :    0.2261
Std deviation       :    0.0002

Background (counts/channel)   :     8.5026
             Std deviation    :     0.0354

Time-zero (channel no.)       :  1399.9997
             Std deviation    :     0.0244

Total area   from fit         : 5.73461E+06     from table : 5.73500E+06

######################### P o s i t r o n F i t ########################

Time for this job:     0.38 seconds.
