PALSfit - Version 3.251 26-apr-2022 - Licensed to David Keeble
Input file: H:\PALSfit3\Nov 2022\master_04.tmp
P O S I T R O N F I T . Version 3.251     Job time 00:32:13.18 23-NOV-22
************************************************************************
00001 Untitled 00:08:18.10 23-NOV-22
Intrinsic spectrum
************************************************************************
Dataset 1

Time scale   ns/channel       :   0.005000
Area range   starts in ch     1 and ends in ch   10000
Fit range    starts in ch  1368 and ends in ch    8283

----------------- I n i t i a l    P a r a m e t e r s -----------------
Resolution function:

FWHM (ns)           :    0.2132    0.1502    0.2657
Intensities (%)     :   80.0000   10.0000   10.0000
Shifts (ns)         :    0.0000   -0.0050    0.0170

Time-zero (ch.no)   : 1405.0000G

Lifetimes (ns)      :    0.1000G   0.5000G


----------------- N o  S o u r c e  C o r r e c t i o n ----------------

####################### F i n a l  R e s u l t s #######################
Dataset 1

Convergence obtained after 16 iterations
Chi-square =      7374.26  with 6910 degrees of freedom
Reduced chi-square = chi-square/dof =    1.067  with std deviation 0.017
Significance of imperfect model =  99.99 %

Lifetimes (ns)      :    0.2794    0.1784
Std deviations      :    0.0014    0.0061

Intensities (%)     :   80.9978   19.0022
Std deviations      :    2.1902    2.1902

Mean lifetime(ns)   :    0.2602
Std deviation       :    0.0002

Background (counts/channel)   :     8.4818
             Std deviation    :     0.0354

Time-zero (channel no.)       :  1400.0365
             Std deviation    :     0.0282

Total area   from fit         : 5.73448E+06     from table : 5.73500E+06

######################### P o s i t r o n F i t ########################

Time for this job:     0.58 seconds.
