PALSfit - Version 3.251 26-apr-2022 - Licensed to David J Keeble
Input file: C:\Users\ftamb\Documents\GitHub\Palsfit\Batch 1 v2\280_20_80.tmp
P O S I T R O N F I T . Version 3.251     Job time 23:44:08.23 07-FEB-23
************************************************************************
00001 Untitled 23:28:31.90 07-FEB-23
Intrinsic spectrum
************************************************************************
Dataset 1

Time scale   ns/channel       :   0.005000
Area range   starts in ch     1 and ends in ch   10000
Fit range    starts in ch  1367 and ends in ch    8284

----------------- I n i t i a l    P a r a m e t e r s -----------------
Resolution function:

FWHM (ns)           :    0.2132    0.1502    0.2657
Intensities (%)     :   80.0000   10.0000   10.0000
Shifts (ns)         :    0.0000   -0.0050    0.0170

Time-zero (ch.no)   : 1405.0000G

Lifetimes (ns)      :    0.1800G   0.2800G


----------------- N o  S o u r c e  C o r r e c t i o n ----------------

####################### F i n a l  R e s u l t s #######################
Dataset 1

Convergence obtained after 10 iterations
Chi-square =      7377.44  with 6912 degrees of freedom
Reduced chi-square = chi-square/dof =    1.067  with std deviation 0.017
Significance of imperfect model =  99.99 %

Lifetimes (ns)      :    0.1769    0.2794
Std deviations      :    0.0058    0.0014

Intensities (%)     :   19.1600   80.8400
Std deviations      :    2.0739    2.0739

Mean lifetime(ns)   :    0.2598
Std deviation       :    0.0002

Background (counts/channel)   :     8.4814
             Std deviation    :     0.0354

Time-zero (channel no.)       :  1400.0342
             Std deviation    :     0.0281

Total area   from fit         : 5.73453E+06     from table : 5.73500E+06

######################### P o s i t r o n F i t ########################

Time for this job:     0.41 seconds.
