PALSfit3 called with parameter: C:\Users\ftamb\Documents\GitHub\Palsfit\Batch 1 v2\220_20_80.pfc and options:           
PALSfit3 loading control file: C:\Users\ftamb\Documents\GitHub\Palsfit\Batch 1 v2\220_20_80.pfc
Controlfile[1]=
Controlfile[2]=
Controlfile[3]=
Controlfile[4]=
Controlfile[5]=
Controlfile[6]=
Controlfile[7]=
Controlfile[8]=
POSITRONFIT control file: C:\Users\ftamb\Documents\GitHub\Palsfit\Batch 1 v2\220_20_80.pfc loaded
POSITRONFIT control file: C:\Users\ftamb\Documents\GitHub\Palsfit\Batch 1 v2\220_20_80.pfc loaded at startup
 Analyzing C:\Users\ftamb\Documents\GitHub\Palsfit\Batch 1 v2\220_20_80.tmp
23:35:37.81 07-FEB-23 - 00001 Untitled 23:27:26.26 07-FEB-23
23:35:37.81 07-FEB-23 - 00001 Untitled 23:27:26.26 07-FEB-23
Controlfile[1]=
Controlfile[2]=
Controlfile[3]=
Controlfile[4]=
Controlfile[5]=
Controlfile[6]=
Controlfile[7]=
Controlfile[8]=
POSITRONFIT control file: C:\Users\ftamb\Documents\GitHub\Palsfit\Batch 1 v2\220_20_80.pfc loaded
 Analyzing C:\Users\ftamb\Documents\GitHub\Palsfit\Batch 1 v2\220_20_80_01.tmp
23:36:57.49 07-FEB-23 - 00001 Untitled 23:27:26.26 07-FEB-23
23:36:57.49 07-FEB-23 - 00001 Untitled 23:27:26.26 07-FEB-23
 Analyzing C:\Users\ftamb\Documents\GitHub\Palsfit\Batch 1 v2\220_20_80_02.tmp
23:39:28.44 07-FEB-23 - 00001 Untitled 23:27:26.26 07-FEB-23
23:39:28.44 07-FEB-23 - 00001 Untitled 23:27:26.26 07-FEB-23
Controlfile[1]=C:\Users\ftamb\Documents\GitHub\Palsfit\Batch 1 v2\220_20_80.pfc
Controlfile[2]=
Controlfile[3]=
Controlfile[4]=
Controlfile[5]=
Controlfile[6]=
Controlfile[7]=
Controlfile[8]=
POSITRONFIT control file: C:\Users\ftamb\Documents\GitHub\Palsfit\Batch 1 v2\220_20_80.pfc loaded
Controlfile[1]=C:\Users\ftamb\Documents\GitHub\Palsfit\Batch 1 v2\220_20_80.pfc
Controlfile[2]=
Controlfile[3]=
Controlfile[4]=
Controlfile[5]=
Controlfile[6]=
Controlfile[7]=
Controlfile[8]=
POSITRONFIT control file: C:\Users\ftamb\Documents\GitHub\Palsfit\Batch 1 v2\220_50_50.pfc loaded
 Analyzing C:\Users\ftamb\Documents\GitHub\Palsfit\Batch 1 v2\220_50_50.tmp
23:41:27.75 07-FEB-23 - 00001 Untitled 23:26:16.09 07-FEB-23
23:41:27.75 07-FEB-23 - 00001 Untitled 23:26:16.09 07-FEB-23
Controlfile[1]=C:\Users\ftamb\Documents\GitHub\Palsfit\Batch 1 v2\220_50_50.pfc
Controlfile[2]=C:\Users\ftamb\Documents\GitHub\Palsfit\Batch 1 v2\220_20_80.pfc
Controlfile[3]=
Controlfile[4]=
Controlfile[5]=
Controlfile[6]=
Controlfile[7]=
Controlfile[8]=
POSITRONFIT control file: C:\Users\ftamb\Documents\GitHub\Palsfit\Batch 1 v2\220_50_50.pfc loaded
Controlfile[1]=C:\Users\ftamb\Documents\GitHub\Palsfit\Batch 1 v2\220_50_50.pfc
Controlfile[2]=C:\Users\ftamb\Documents\GitHub\Palsfit\Batch 1 v2\220_20_80.pfc
Controlfile[3]=
Controlfile[4]=
Controlfile[5]=
Controlfile[6]=
Controlfile[7]=
Controlfile[8]=
POSITRONFIT control file: C:\Users\ftamb\Documents\GitHub\Palsfit\Batch 1 v2\220_80_20.pfc loaded
 Analyzing C:\Users\ftamb\Documents\GitHub\Palsfit\Batch 1 v2\220_80_20.tmp
23:42:52.99 07-FEB-23 - 00001 Untitled 23:25:12.34 07-FEB-23
23:42:52.99 07-FEB-23 - 00001 Untitled 23:25:12.34 07-FEB-23
Controlfile[1]=C:\Users\ftamb\Documents\GitHub\Palsfit\Batch 1 v2\220_80_20.pfc
Controlfile[2]=C:\Users\ftamb\Documents\GitHub\Palsfit\Batch 1 v2\220_50_50.pfc
Controlfile[3]=C:\Users\ftamb\Documents\GitHub\Palsfit\Batch 1 v2\220_20_80.pfc
Controlfile[4]=
Controlfile[5]=
Controlfile[6]=
Controlfile[7]=
Controlfile[8]=
POSITRONFIT control file: C:\Users\ftamb\Documents\GitHub\Palsfit\Batch 1 v2\220_80_20.pfc loaded
Controlfile[1]=C:\Users\ftamb\Documents\GitHub\Palsfit\Batch 1 v2\220_80_20.pfc
Controlfile[2]=C:\Users\ftamb\Documents\GitHub\Palsfit\Batch 1 v2\220_50_50.pfc
Controlfile[3]=C:\Users\ftamb\Documents\GitHub\Palsfit\Batch 1 v2\220_20_80.pfc
Controlfile[4]=
Controlfile[5]=
Controlfile[6]=
Controlfile[7]=
Controlfile[8]=
POSITRONFIT control file: C:\Users\ftamb\Documents\GitHub\Palsfit\Batch 1 v2\280_20_80.pfc loaded
 Analyzing C:\Users\ftamb\Documents\GitHub\Palsfit\Batch 1 v2\280_20_80.tmp
23:44:08.23 07-FEB-23 - 00001 Untitled 23:28:31.90 07-FEB-23
23:44:08.23 07-FEB-23 - 00001 Untitled 23:28:31.90 07-FEB-23
Controlfile[1]=C:\Users\ftamb\Documents\GitHub\Palsfit\Batch 1 v2\280_20_80.pfc
Controlfile[2]=C:\Users\ftamb\Documents\GitHub\Palsfit\Batch 1 v2\220_80_20.pfc
Controlfile[3]=C:\Users\ftamb\Documents\GitHub\Palsfit\Batch 1 v2\220_50_50.pfc
Controlfile[4]=C:\Users\ftamb\Documents\GitHub\Palsfit\Batch 1 v2\220_20_80.pfc
Controlfile[5]=
Controlfile[6]=
Controlfile[7]=
Controlfile[8]=
POSITRONFIT control file: C:\Users\ftamb\Documents\GitHub\Palsfit\Batch 1 v2\280_20_80.pfc loaded
Controlfile[1]=C:\Users\ftamb\Documents\GitHub\Palsfit\Batch 1 v2\280_20_80.pfc
Controlfile[2]=C:\Users\ftamb\Documents\GitHub\Palsfit\Batch 1 v2\220_80_20.pfc
Controlfile[3]=C:\Users\ftamb\Documents\GitHub\Palsfit\Batch 1 v2\220_50_50.pfc
Controlfile[4]=C:\Users\ftamb\Documents\GitHub\Palsfit\Batch 1 v2\220_20_80.pfc
Controlfile[5]=
Controlfile[6]=
Controlfile[7]=
Controlfile[8]=
POSITRONFIT control file: C:\Users\ftamb\Documents\GitHub\Palsfit\Batch 1 v2\280_50_50.pfc loaded
 Analyzing C:\Users\ftamb\Documents\GitHub\Palsfit\Batch 1 v2\280_50_50.tmp
23:45:03.29 07-FEB-23 - 00001 Untitled 23:29:11.36 07-FEB-23
23:45:03.29 07-FEB-23 - 00001 Untitled 23:29:11.36 07-FEB-23
Controlfile[1]=C:\Users\ftamb\Documents\GitHub\Palsfit\Batch 1 v2\280_50_50.pfc
Controlfile[2]=C:\Users\ftamb\Documents\GitHub\Palsfit\Batch 1 v2\280_20_80.pfc
Controlfile[3]=C:\Users\ftamb\Documents\GitHub\Palsfit\Batch 1 v2\220_80_20.pfc
Controlfile[4]=C:\Users\ftamb\Documents\GitHub\Palsfit\Batch 1 v2\220_50_50.pfc
Controlfile[5]=C:\Users\ftamb\Documents\GitHub\Palsfit\Batch 1 v2\220_20_80.pfc
Controlfile[6]=
Controlfile[7]=
Controlfile[8]=
POSITRONFIT control file: C:\Users\ftamb\Documents\GitHub\Palsfit\Batch 1 v2\280_50_50.pfc loaded
Controlfile[1]=C:\Users\ftamb\Documents\GitHub\Palsfit\Batch 1 v2\280_50_50.pfc
Controlfile[2]=C:\Users\ftamb\Documents\GitHub\Palsfit\Batch 1 v2\280_20_80.pfc
Controlfile[3]=C:\Users\ftamb\Documents\GitHub\Palsfit\Batch 1 v2\220_80_20.pfc
Controlfile[4]=C:\Users\ftamb\Documents\GitHub\Palsfit\Batch 1 v2\220_50_50.pfc
Controlfile[5]=C:\Users\ftamb\Documents\GitHub\Palsfit\Batch 1 v2\220_20_80.pfc
Controlfile[6]=
Controlfile[7]=
Controlfile[8]=
POSITRONFIT control file: C:\Users\ftamb\Documents\GitHub\Palsfit\Batch 1 v2\280_50_50.pfc loaded
 Analyzing C:\Users\ftamb\Documents\GitHub\Palsfit\Batch 1 v2\280_50_50_01.tmp
23:46:30.08 07-FEB-23 - 00001 Untitled 23:29:11.36 07-FEB-23
23:46:30.08 07-FEB-23 - 00001 Untitled 23:29:11.36 07-FEB-23
Controlfile[1]=C:\Users\ftamb\Documents\GitHub\Palsfit\Batch 1 v2\280_50_50.pfc
Controlfile[2]=C:\Users\ftamb\Documents\GitHub\Palsfit\Batch 1 v2\280_20_80.pfc
Controlfile[3]=C:\Users\ftamb\Documents\GitHub\Palsfit\Batch 1 v2\220_80_20.pfc
Controlfile[4]=C:\Users\ftamb\Documents\GitHub\Palsfit\Batch 1 v2\220_50_50.pfc
Controlfile[5]=C:\Users\ftamb\Documents\GitHub\Palsfit\Batch 1 v2\220_20_80.pfc
Controlfile[6]=
Controlfile[7]=
Controlfile[8]=
POSITRONFIT control file: C:\Users\ftamb\Documents\GitHub\Palsfit\Batch 1 v2\280_50_50.pfc loaded
Controlfile[1]=C:\Users\ftamb\Documents\GitHub\Palsfit\Batch 1 v2\280_50_50.pfc
Controlfile[2]=C:\Users\ftamb\Documents\GitHub\Palsfit\Batch 1 v2\280_20_80.pfc
Controlfile[3]=C:\Users\ftamb\Documents\GitHub\Palsfit\Batch 1 v2\220_80_20.pfc
Controlfile[4]=C:\Users\ftamb\Documents\GitHub\Palsfit\Batch 1 v2\220_50_50.pfc
Controlfile[5]=C:\Users\ftamb\Documents\GitHub\Palsfit\Batch 1 v2\220_20_80.pfc
Controlfile[6]=
Controlfile[7]=
Controlfile[8]=
POSITRONFIT control file: C:\Users\ftamb\Documents\GitHub\Palsfit\Batch 1 v2\280_80_20.pfc loaded
 Analyzing C:\Users\ftamb\Documents\GitHub\Palsfit\Batch 1 v2\280_80_20.tmp
23:47:42.80 07-FEB-23 - 00001 Untitled 23:31:18.73 07-FEB-23
23:47:42.80 07-FEB-23 - 00001 Untitled 23:31:18.73 07-FEB-23
Controlfile[1]=C:\Users\ftamb\Documents\GitHub\Palsfit\Batch 1 v2\280_80_20.pfc
Controlfile[2]=C:\Users\ftamb\Documents\GitHub\Palsfit\Batch 1 v2\280_50_50.pfc
Controlfile[3]=C:\Users\ftamb\Documents\GitHub\Palsfit\Batch 1 v2\280_20_80.pfc
Controlfile[4]=C:\Users\ftamb\Documents\GitHub\Palsfit\Batch 1 v2\220_80_20.pfc
Controlfile[5]=C:\Users\ftamb\Documents\GitHub\Palsfit\Batch 1 v2\220_50_50.pfc
Controlfile[6]=C:\Users\ftamb\Documents\GitHub\Palsfit\Batch 1 v2\220_20_80.pfc
Controlfile[7]=
Controlfile[8]=
POSITRONFIT control file: C:\Users\ftamb\Documents\GitHub\Palsfit\Batch 1 v2\280_80_20.pfc loaded
