PALSfit - Version 3.251 26-apr-2022 - Licensed to David J Keeble
Input file: 
C:\Users\ftamb\Documents\GitHub\Palsfit\Batch 7\355-444\99p5-1p5.pfc
P O S I T R O N F I T . Version 3.251     Job time 15:17:45.28 04-FEB-24
************************************************************************
00001 Untitled 13:01:50.47 04-FEB-24
Intrinsic spectrum
************************************************************************
Dataset 1

Time scale   ns/channel       :   0.003000
Area range   starts in ch     1 and ends in ch   10000
Fit range    starts in ch  2940 and ends in ch    8608

----------------- I n i t i a l    P a r a m e t e r s -----------------
Resolution function:

FWHM (ns)           :    0.2036    0.3022    0.1573
Intensities (%)     :   60.0000   30.0000   10.0000
Shifts (ns)         :    0.0000    0.0203   -0.0847

Time-zero (ch.no)   : 3009.0000G

Lifetimes (ns)      :    0.3550G   0.4440G


----------------- N o  S o u r c e  C o r r e c t i o n ----------------

####################### F i n a l  R e s u l t s #######################
Dataset 1

Convergence obtained after 11 iterations
Chi-square =      4797.21  with 5663 degrees of freedom
Reduced chi-square = chi-square/dof =    0.847  with std deviation 0.019
Significance of imperfect model =   0.00 %

Lifetimes (ns)      :    0.3554    2.5030
Std deviations      :    0.0001    0.0967

Intensities (%)     :   99.8442    0.1558
Std deviations      :    0.0055    0.0055

Mean lifetime(ns)   :    0.3587
Std deviation       :    0.0002

Background (counts/channel)   :     0.5191
             Std deviation    :     0.0300

Time-zero (channel no.)       :  3000.0110
             Std deviation    :     0.0270

Total area   from fit         : 1.00052E+07     from table : 1.00050E+07

######################### P o s i t r o n F i t ########################

Time for this job:     0.58 seconds.
