PALSfit - Version 3.251 26-apr-2022 - Licensed to David J Keeble
Input file: 
C:\Users\ftamb\Documents\GitHub\Palsfit\Batch 4\100ps FWHM\TD190\19.tmp
P O S I T R O N F I T . Version 3.251     Job time 03:13:19.75 13-MAR-23
************************************************************************
00001 Untitled 01:59:45.45 13-MAR-23
Intrinsic spectrum
************************************************************************
Dataset 1

Time scale   ns/channel       :   0.005000
Area range   starts in ch     1 and ends in ch   10000
Fit range    starts in ch  1385 and ends in ch    8282

----------------- I n i t i a l    P a r a m e t e r s -----------------
Resolution function:

FWHM (ns)           :    0.1000
Intensities (%)     :  100.0000
Shifts (ns)         :    0.0000

Time-zero (ch.no)   : 1403.0000G

Lifetimes (ns)      :    0.0518G   0.1900G


----------------- N o  S o u r c e  C o r r e c t i o n ----------------

####################### F i n a l  R e s u l t s #######################
Dataset 1

Convergence obtained after 9 iterations
Chi-square =      7355.33  with 6892 degrees of freedom
Reduced chi-square = chi-square/dof =    1.067  with std deviation 0.017
Significance of imperfect model =  99.99 %

Lifetimes (ns)      :    0.0524    0.1901
Std deviations      :    0.0011    0.0002

Intensities (%)     :   10.1341   89.8659
Std deviations      :    0.1542    0.1542

Mean lifetime(ns)   :    0.1761
Std deviation       :    0.0001

Background (counts/channel)   :     8.4838
             Std deviation    :     0.0349

Time-zero (channel no.)       :  1400.0042
             Std deviation    :     0.0207

Total area   from fit         : 5.73453E+06     from table : 5.73500E+06

######################### P o s i t r o n F i t ########################

Time for this job:     0.33 seconds.
