PALSfit - Version 3.251 26-apr-2022 - Licensed to David J Keeble
Input file: 
C:\Users\ftamb\Documents\GitHub\Palsfit\Batch 4\100ps FWHM\TD190\37.tmp
P O S I T R O N F I T . Version 3.251     Job time 03:14:46.53 13-MAR-23
************************************************************************
00001 Untitled 02:01:07.10 13-MAR-23
Intrinsic spectrum
************************************************************************
Dataset 1

Time scale   ns/channel       :   0.005000
Area range   starts in ch     1 and ends in ch   10000
Fit range    starts in ch  1385 and ends in ch    8282

----------------- I n i t i a l    P a r a m e t e r s -----------------
Resolution function:

FWHM (ns)           :    0.1000
Intensities (%)     :  100.0000
Shifts (ns)         :    0.0000

Time-zero (ch.no)   : 1403.0000G

Lifetimes (ns)      :    0.1006G   0.1900G


----------------- N o  S o u r c e  C o r r e c t i o n ----------------

####################### F i n a l  R e s u l t s #######################
Dataset 1

Convergence obtained after 10 iterations
Chi-square =      7388.35  with 6892 degrees of freedom
Reduced chi-square = chi-square/dof =    1.072  with std deviation 0.017
Significance of imperfect model = 100.00 %

Lifetimes (ns)      :    0.1013    0.1905
Std deviations      :    0.0011    0.0006

Intensities (%)     :   30.7141   69.2859
Std deviations      :    0.7710    0.7710

Mean lifetime(ns)   :    0.1631
Std deviation       :    0.0001

Background (counts/channel)   :     8.4830
             Std deviation    :     0.0349

Time-zero (channel no.)       :  1400.0068
             Std deviation    :     0.0131

Total area   from fit         : 5.73459E+06     from table : 5.73500E+06

######################### P o s i t r o n F i t ########################

Time for this job:     0.28 seconds.
