PALSfit - Version 3.251 26-apr-2022 - Licensed to David J Keeble
Input file: 
C:\Users\ftamb\Documents\GitHub\Palsfit\Batch 4\100ps FWHM\TD190\46.tmp
P O S I T R O N F I T . Version 3.251     Job time 03:15:15.75 13-MAR-23
************************************************************************
00001 Untitled 02:01:52.09 13-MAR-23
Intrinsic spectrum
************************************************************************
Dataset 1

Time scale   ns/channel       :   0.005000
Area range   starts in ch     1 and ends in ch   10000
Fit range    starts in ch  1386 and ends in ch    8282

----------------- I n i t i a l    P a r a m e t e r s -----------------
Resolution function:

FWHM (ns)           :    0.1000
Intensities (%)     :  100.0000
Shifts (ns)         :    0.0000

Time-zero (ch.no)   : 1404.0000G

Lifetimes (ns)      :    0.1140G   0.1900G


----------------- N o  S o u r c e  C o r r e c t i o n ----------------

####################### F i n a l  R e s u l t s #######################
Dataset 1

Convergence obtained after 11 iterations
Chi-square =      7371.94  with 6891 degrees of freedom
Reduced chi-square = chi-square/dof =    1.070  with std deviation 0.017
Significance of imperfect model = 100.00 %

Lifetimes (ns)      :    0.1145    0.1905
Std deviations      :    0.0012    0.0009

Intensities (%)     :   40.7638   59.2362
Std deviations      :    1.2834    1.2834

Mean lifetime(ns)   :    0.1595
Std deviation       :    0.0001

Background (counts/channel)   :     8.4838
             Std deviation    :     0.0349

Time-zero (channel no.)       :  1400.0083
             Std deviation    :     0.0125

Total area   from fit         : 5.73459E+06     from table : 5.73500E+06

######################### P o s i t r o n F i t ########################

Time for this job:     0.33 seconds.
