PALSfit - Version 3.251 26-apr-2022 - Licensed to David J Keeble
Input file: 
C:\Users\ftamb\Documents\GitHub\Palsfit\Batch 4\100ps FWHM\TD190\64.tmp
P O S I T R O N F I T . Version 3.251     Job time 03:16:09.98 13-MAR-23
************************************************************************
00001 Untitled 02:03:17.66 13-MAR-23
Intrinsic spectrum
************************************************************************
Dataset 1

Time scale   ns/channel       :   0.005000
Area range   starts in ch     1 and ends in ch   10000
Fit range    starts in ch  1386 and ends in ch    8282

----------------- I n i t i a l    P a r a m e t e r s -----------------
Resolution function:

FWHM (ns)           :    0.1000
Intensities (%)     :  100.0000
Shifts (ns)         :    0.0000

Time-zero (ch.no)   : 1404.0000G

Lifetimes (ns)      :    0.1315G   0.1900G


----------------- N o  S o u r c e  C o r r e c t i o n ----------------

####################### F i n a l  R e s u l t s #######################
Dataset 1

Convergence obtained after 12 iterations
Chi-square =      7349.37  with 6891 degrees of freedom
Reduced chi-square = chi-square/dof =    1.067  with std deviation 0.017
Significance of imperfect model =  99.99 %

Lifetimes (ns)      :    0.1316    0.1906
Std deviations      :    0.0014    0.0021

Intensities (%)     :   60.6378   39.3622
Std deviations      :    2.7801    2.7801

Mean lifetime(ns)   :    0.1548
Std deviation       :    0.0001

Background (counts/channel)   :     8.4840
             Std deviation    :     0.0349

Time-zero (channel no.)       :  1400.0086
             Std deviation    :     0.0116

Total area   from fit         : 5.73465E+06     from table : 5.73500E+06

######################### P o s i t r o n F i t ########################

Time for this job:     0.34 seconds.
