PALSfit - Version 3.251 26-apr-2022 - Licensed to David J Keeble
Input file: 
C:\Users\ftamb\Documents\GitHub\Palsfit\Batch 4\210ps FWHM\TD280\28.tmp
P O S I T R O N F I T . Version 3.251     Job time 03:34:15.37 13-MAR-23
************************************************************************
00001 Untitled 02:15:56.48 13-MAR-23
Intrinsic spectrum
************************************************************************
Dataset 1

Time scale   ns/channel       :   0.005000
Area range   starts in ch     1 and ends in ch   10000
Fit range    starts in ch  1366 and ends in ch    8283

----------------- I n i t i a l    P a r a m e t e r s -----------------
Resolution function:

FWHM (ns)           :    0.2100
Intensities (%)     :  100.0000
Shifts (ns)         :    0.0000

Time-zero (ch.no)   : 1402.0000G

Lifetimes (ns)      :    0.0525G   0.2800G


----------------- N o  S o u r c e  C o r r e c t i o n ----------------

####################### F i n a l  R e s u l t s #######################
Dataset 1

Convergence obtained after 5 iterations
Chi-square =      7407.39  with 6912 degrees of freedom
Reduced chi-square = chi-square/dof =    1.072  with std deviation 0.017
Significance of imperfect model = 100.00 %

Lifetimes (ns)      :    0.0536    0.2802
Std deviations      :    0.0009    0.0003

Intensities (%)     :   20.1038   79.8962
Std deviations      :    0.1059    0.1059

Mean lifetime(ns)   :    0.2347
Std deviation       :    0.0003

Background (counts/channel)   :     8.4803
             Std deviation    :     0.0354

Time-zero (channel no.)       :  1399.9565
             Std deviation    :     0.0544

Total area   from fit         : 5.73468E+06     from table : 5.73500E+06

######################### P o s i t r o n F i t ########################

Time for this job:     0.33 seconds.
