PALSfit - Version 3.251 26-apr-2022 - Licensed to David J Keeble
Input file: 
C:\Users\ftamb\Documents\GitHub\Palsfit\Batch 4\210ps FWHM\TD280\37.tmp
P O S I T R O N F I T . Version 3.251     Job time 03:34:41.50 13-MAR-23
************************************************************************
00001 Untitled 02:16:28.13 13-MAR-23
Intrinsic spectrum
************************************************************************
Dataset 1

Time scale   ns/channel       :   0.005000
Area range   starts in ch     1 and ends in ch   10000
Fit range    starts in ch  1366 and ends in ch    8283

----------------- I n i t i a l    P a r a m e t e r s -----------------
Resolution function:

FWHM (ns)           :    0.2100
Intensities (%)     :  100.0000
Shifts (ns)         :    0.0000

Time-zero (ch.no)   : 1402.0000G

Lifetimes (ns)      :    0.0720G   0.2800G


----------------- N o  S o u r c e  C o r r e c t i o n ----------------

####################### F i n a l  R e s u l t s #######################
Dataset 1

Convergence obtained after 5 iterations
Chi-square =      7405.39  with 6912 degrees of freedom
Reduced chi-square = chi-square/dof =    1.071  with std deviation 0.017
Significance of imperfect model = 100.00 %

Lifetimes (ns)      :    0.0725    0.2803
Std deviations      :    0.0007    0.0004

Intensities (%)     :   30.1972   69.8028
Std deviations      :    0.1487    0.1487

Mean lifetime(ns)   :    0.2176
Std deviation       :    0.0002

Background (counts/channel)   :     8.4799
             Std deviation    :     0.0353

Time-zero (channel no.)       :  1399.9935
             Std deviation    :     0.0376

Total area   from fit         : 5.73463E+06     from table : 5.73500E+06

######################### P o s i t r o n F i t ########################

Time for this job:     0.33 seconds.
