PALSfit - Version 3.251 26-apr-2022 - Licensed to David J Keeble
Input file: 
C:\Users\ftamb\Documents\GitHub\Palsfit\Batch 4\210ps FWHM\TD280\46.tmp
P O S I T R O N F I T . Version 3.251     Job time 03:35:09.56 13-MAR-23
************************************************************************
00001 Untitled 02:17:21.48 13-MAR-23
Intrinsic spectrum
************************************************************************
Dataset 1

Time scale   ns/channel       :   0.005000
Area range   starts in ch     1 and ends in ch   10000
Fit range    starts in ch  1366 and ends in ch    8283

----------------- I n i t i a l    P a r a m e t e r s -----------------
Resolution function:

FWHM (ns)           :    0.2100
Intensities (%)     :  100.0000
Shifts (ns)         :    0.0000

Time-zero (ch.no)   : 1402.0000G

Lifetimes (ns)      :    0.0884G   0.2800G


----------------- N o  S o u r c e  C o r r e c t i o n ----------------

####################### F i n a l  R e s u l t s #######################
Dataset 1

Convergence obtained after 5 iterations
Chi-square =      7380.72  with 6912 degrees of freedom
Reduced chi-square = chi-square/dof =    1.068  with std deviation 0.017
Significance of imperfect model = 100.00 %

Lifetimes (ns)      :    0.0886    0.2803
Std deviations      :    0.0006    0.0005

Intensities (%)     :   40.2148   59.7852
Std deviations      :    0.2005    0.2005

Mean lifetime(ns)   :    0.2032
Std deviation       :    0.0002

Background (counts/channel)   :     8.4806
             Std deviation    :     0.0353

Time-zero (channel no.)       :  1400.0115
             Std deviation    :     0.0305

Total area   from fit         : 5.73462E+06     from table : 5.73500E+06

######################### P o s i t r o n F i t ########################

Time for this job:     0.41 seconds.
