PALSfit - Version 3.251 26-apr-2022 - Licensed to David J Keeble
Input file: 
C:\Users\ftamb\Documents\GitHub\Palsfit\Batch 4\210ps FWHM\TD280\55.tmp
P O S I T R O N F I T . Version 3.251     Job time 03:35:37.24 13-MAR-23
************************************************************************
00001 Untitled 02:17:50.44 13-MAR-23
Intrinsic spectrum
************************************************************************
Dataset 1

Time scale   ns/channel       :   0.005000
Area range   starts in ch     1 and ends in ch   10000
Fit range    starts in ch  1366 and ends in ch    8283

----------------- I n i t i a l    P a r a m e t e r s -----------------
Resolution function:

FWHM (ns)           :    0.2100
Intensities (%)     :  100.0000
Shifts (ns)         :    0.0000

Time-zero (ch.no)   : 1402.0000G

Lifetimes (ns)      :    0.1024G   0.2800G


----------------- N o  S o u r c e  C o r r e c t i o n ----------------

####################### F i n a l  R e s u l t s #######################
Dataset 1

Convergence obtained after 5 iterations
Chi-square =      7380.51  with 6912 degrees of freedom
Reduced chi-square = chi-square/dof =    1.068  with std deviation 0.017
Significance of imperfect model = 100.00 %

Lifetimes (ns)      :    0.1024    0.2802
Std deviations      :    0.0005    0.0006

Intensities (%)     :   50.1621   49.8379
Std deviations      :    0.2569    0.2569

Mean lifetime(ns)   :    0.1910
Std deviation       :    0.0002

Background (counts/channel)   :     8.4805
             Std deviation    :     0.0353

Time-zero (channel no.)       :  1400.0161
             Std deviation    :     0.0265

Total area   from fit         : 5.73467E+06     from table : 5.73500E+06

######################### P o s i t r o n F i t ########################

Time for this job:     0.47 seconds.
