PALSfit - Version 3.251 26-apr-2022 - Licensed to David J Keeble
Input file: C:\Users\ftamb\Documents\GitHub\Palsfit\Batch 6\90-10_01.tmp
P O S I T R O N F I T . Version 3.251     Job time 15:15:56.06 26-JAN-24
************************************************************************
00001 Untitled 14:15:00.03 26-JAN-24
Intrinsic spectrum
************************************************************************
Dataset 1

Time scale   ns/channel       :   0.003000
Area range   starts in ch     1 and ends in ch   10000
Fit range    starts in ch  2940 and ends in ch    8609

----------------- I n i t i a l    P a r a m e t e r s -----------------
Resolution function:

FWHM (ns)           :    0.2036    0.3022    0.1573
Intensities (%)     :   60.0000   30.0000   10.0000
Shifts (ns)         :    0.0000    0.0203   -0.0847

Time-zero (ch.no)   : 3010.0000G

Lifetimes (ns)      :    0.3700G   0.4420G


----------------- N o  S o u r c e  C o r r e c t i o n ----------------

####################### F i n a l  R e s u l t s #######################
Dataset 1

Convergence obtained after 12 iterations
Chi-square =      4668.49  with 5664 degrees of freedom
Reduced chi-square = chi-square/dof =    0.824  with std deviation 0.019
Significance of imperfect model =   0.00 %

Lifetimes (ns)      :    0.3770    2.1543
Std deviations      :    0.0002    0.0768

Intensities (%)     :   99.8063    0.1937
Std deviations      :    0.0084    0.0084

Mean lifetime(ns)   :    0.3804
Std deviation       :    0.0002

Background (counts/channel)   :     0.5693
             Std deviation    :     0.0268

Time-zero (channel no.)       :  2999.9367
             Std deviation    :     0.0276

Total area   from fit         : 1.00055E+07     from table : 1.00050E+07

######################### P o s i t r o n F i t ########################

Time for this job:     0.50 seconds.
