PALSfit - Version 3.251 26-apr-2022 - Licensed to David J Keeble
Input file: C:\Users\ftamb\Documents\GitHub\Palsfit\Batch 3\si...\180_50_50.tmp
P O S I T R O N F I T . Version 3.251     Job time 01:06:16.92 24-FEB-23
************************************************************************
00001 Untitled 00:41:43.98 24-FEB-23
Intrinsic spectrum
************************************************************************
Dataset 1

Time scale   ns/channel       :   0.005000
Area range   starts in ch     1 and ends in ch   10000
Fit range    starts in ch  1377 and ends in ch    8283

----------------- I n i t i a l    P a r a m e t e r s -----------------
Resolution function:

FWHM (ns)           :    0.1500
Intensities (%)     :  100.0000
Shifts (ns)         :    0.0000

Time-zero (ch.no)   : 1404.0000G

Lifetimes (ns)      :    0.1500G   0.1800G


----------------- N o  S o u r c e  C o r r e c t i o n ----------------

####################### F i n a l  R e s u l t s #######################
Dataset 1

Convergence obtained after 17 iterations
Chi-square =      7403.25  with 6901 degrees of freedom
Reduced chi-square = chi-square/dof =    1.073  with std deviation 0.017
Significance of imperfect model = 100.00 %

Lifetimes (ns)      :    0.1483    0.1789
Std deviations      :    0.0079    0.0065

Intensities (%)     :   45.8526   54.1474
Std deviations      :   23.1313   23.1313

Mean lifetime(ns)   :    0.1649
Std deviation       :    0.0001

Background (counts/channel)   :     8.4862
             Std deviation    :     0.0350

Time-zero (channel no.)       :  1400.0176
             Std deviation    :     0.0172

Total area   from fit         : 5.73458E+06     from table : 5.73500E+06

######################### P o s i t r o n F i t ########################

Time for this job:     0.36 seconds.
