PALSfit - Version 3.251 26-apr-2022 - Licensed to David J Keeble
Input file: C:\Users\ftamb\Documents\GitHub\Palsfit\Batch 3\si...\190_20_80.tmp
P O S I T R O N F I T . Version 3.251     Job time 01:07:08.51 24-FEB-23
************************************************************************
00001 Untitled 00:42:59.67 24-FEB-23
Intrinsic spectrum
************************************************************************
Dataset 1

Time scale   ns/channel       :   0.005000
Area range   starts in ch     1 and ends in ch   10000
Fit range    starts in ch  1377 and ends in ch    8283

----------------- I n i t i a l    P a r a m e t e r s -----------------
Resolution function:

FWHM (ns)           :    0.1500
Intensities (%)     :  100.0000
Shifts (ns)         :    0.0000

Time-zero (ch.no)   : 1404.0000G

Lifetimes (ns)      :    0.1500G   0.1900G


----------------- N o  S o u r c e  C o r r e c t i o n ----------------

####################### F i n a l  R e s u l t s #######################
Dataset 1

Convergence obtained after 22 iterations
Chi-square =      7400.59  with 6901 degrees of freedom
Reduced chi-square = chi-square/dof =    1.072  with std deviation 0.017
Significance of imperfect model = 100.00 %

Lifetimes (ns)      :    0.1448    0.1891
Std deviations      :    0.0124    0.0024

Intensities (%)     :   16.3539   83.6461
Std deviations      :    8.9235    8.9235

Mean lifetime(ns)   :    0.1819
Std deviation       :    0.0001

Background (counts/channel)   :     8.4853
             Std deviation    :     0.0350

Time-zero (channel no.)       :  1400.0215
             Std deviation    :     0.0187

Total area   from fit         : 5.73458E+06     from table : 5.73500E+06

######################### P o s i t r o n F i t ########################

Time for this job:     0.38 seconds.
