PALSfit - Version 3.251 26-apr-2022 - Licensed to David J Keeble
Input file: C:\Users\ftamb\Documents\GitHub\Palsfit\Batch 3\si...\210_80_20.tmp
P O S I T R O N F I T . Version 3.251     Job time 01:15:46.50 24-FEB-23
************************************************************************
00001 Untitled 00:36:15.92 24-FEB-23
Intrinsic spectrum
************************************************************************
Dataset 1

Time scale   ns/channel       :   0.005000
Area range   starts in ch     1 and ends in ch   10000
Fit range    starts in ch  1377 and ends in ch    8282

----------------- I n i t i a l    P a r a m e t e r s -----------------
Resolution function:

FWHM (ns)           :    0.1500
Intensities (%)     :  100.0000
Shifts (ns)         :    0.0000

Time-zero (ch.no)   : 1404.0000G

Lifetimes (ns)      :    0.1500G   0.2100G


----------------- N o  S o u r c e  C o r r e c t i o n ----------------

####################### F i n a l  R e s u l t s #######################
Dataset 1

Convergence obtained after 7 iterations
Chi-square =      7374.63  with 6900 degrees of freedom
Reduced chi-square = chi-square/dof =    1.069  with std deviation 0.017
Significance of imperfect model = 100.00 %

Lifetimes (ns)      :    0.1499    0.2112
Std deviations      :    0.0013    0.0053

Intensities (%)     :   80.5172   19.4828
Std deviations      :    3.3435    3.3435

Mean lifetime(ns)   :    0.1619
Std deviation       :    0.0001

Background (counts/channel)   :     8.4860
             Std deviation    :     0.0350

Time-zero (channel no.)       :  1400.0182
             Std deviation    :     0.0158

Total area   from fit         : 5.73454E+06     from table : 5.73500E+06

######################### P o s i t r o n F i t ########################

Time for this job:     0.25 seconds.
