PALSfit - Version 3.251 26-apr-2022 - Licensed to David J Keeble
Input file: C:\Users\ftamb\Documents\GitHub\Palsfit\Batch 3\si...\220_20_80.tmp
P O S I T R O N F I T . Version 3.251     Job time 01:16:26.03 24-FEB-23
************************************************************************
00001 Untitled 00:44:00.85 24-FEB-23
Intrinsic spectrum
************************************************************************
Dataset 1

Time scale   ns/channel       :   0.005000
Area range   starts in ch     1 and ends in ch   10000
Fit range    starts in ch  1378 and ends in ch    8283

----------------- I n i t i a l    P a r a m e t e r s -----------------
Resolution function:

FWHM (ns)           :    0.1500
Intensities (%)     :  100.0000
Shifts (ns)         :    0.0000

Time-zero (ch.no)   : 1405.0000G

Lifetimes (ns)      :    0.1500G   0.2200G


----------------- N o  S o u r c e  C o r r e c t i o n ----------------

####################### F i n a l  R e s u l t s #######################
Dataset 1

Convergence obtained after 15 iterations
Chi-square =      7388.42  with 6900 degrees of freedom
Reduced chi-square = chi-square/dof =    1.071  with std deviation 0.017
Significance of imperfect model = 100.00 %

Lifetimes (ns)      :    0.1479    0.2197
Std deviations      :    0.0056    0.0014

Intensities (%)     :   19.2673   80.7327
Std deviations      :    2.9210    2.9210

Mean lifetime(ns)   :    0.2059
Std deviation       :    0.0001

Background (counts/channel)   :     8.4839
             Std deviation    :     0.0351

Time-zero (channel no.)       :  1400.0225
             Std deviation    :     0.0196

Total area   from fit         : 5.73460E+06     from table : 5.73500E+06

######################### P o s i t r o n F i t ########################

Time for this job:     0.33 seconds.
