PALSfit - Version 3.251 26-apr-2022 - Licensed to David J Keeble
Input file: C:\Users\ftamb\Documents\GitHub\Palsfit\Batch 3\si...\230_80_20.tmp
P O S I T R O N F I T . Version 3.251     Job time 01:18:50.09 24-FEB-23
************************************************************************
00001 Untitled 00:37:06.39 24-FEB-23
Intrinsic spectrum
************************************************************************
Dataset 1

Time scale   ns/channel       :   0.005000
Area range   starts in ch     1 and ends in ch   10000
Fit range    starts in ch  1377 and ends in ch    8282

----------------- I n i t i a l    P a r a m e t e r s -----------------
Resolution function:

FWHM (ns)           :    0.1500
Intensities (%)     :  100.0000
Shifts (ns)         :    0.0000

Time-zero (ch.no)   : 1404.0000G

Lifetimes (ns)      :    0.1500G   0.2300G


----------------- N o  S o u r c e  C o r r e c t i o n ----------------

####################### F i n a l  R e s u l t s #######################
Dataset 1

Convergence obtained after 6 iterations
Chi-square =      7398.81  with 6900 degrees of freedom
Reduced chi-square = chi-square/dof =    1.072  with std deviation 0.017
Significance of imperfect model = 100.00 %

Lifetimes (ns)      :    0.1498    0.2304
Std deviations      :    0.0009    0.0035

Intensities (%)     :   80.0409   19.9591
Std deviations      :    1.6994    1.6994

Mean lifetime(ns)   :    0.1659
Std deviation       :    0.0001

Background (counts/channel)   :     8.4859
             Std deviation    :     0.0351

Time-zero (channel no.)       :  1400.0207
             Std deviation    :     0.0156

Total area   from fit         : 5.73453E+06     from table : 5.73500E+06

######################### P o s i t r o n F i t ########################

Time for this job:     0.27 seconds.
