PALSfit - Version 3.251 26-apr-2022 - Licensed to David J Keeble
Input file: C:\Users\ftamb\Documents\GitHub\Palsfit\Batch 3\si...\230_50_50.tmp
P O S I T R O N F I T . Version 3.251     Job time 01:18:20.10 24-FEB-23
************************************************************************
00001 Untitled 00:39:46.41 24-FEB-23
Intrinsic spectrum
************************************************************************
Dataset 1

Time scale   ns/channel       :   0.005000
Area range   starts in ch     1 and ends in ch   10000
Fit range    starts in ch  1377 and ends in ch    8283

----------------- I n i t i a l    P a r a m e t e r s -----------------
Resolution function:

FWHM (ns)           :    0.1500
Intensities (%)     :  100.0000
Shifts (ns)         :    0.0000

Time-zero (ch.no)   : 1404.0000G

Lifetimes (ns)      :    0.1500G   0.2300G


----------------- N o  S o u r c e  C o r r e c t i o n ----------------

####################### F i n a l  R e s u l t s #######################
Dataset 1

Convergence obtained after 10 iterations
Chi-square =      7425.05  with 6901 degrees of freedom
Reduced chi-square = chi-square/dof =    1.076  with std deviation 0.017
Significance of imperfect model = 100.00 %

Lifetimes (ns)      :    0.1489    0.2291
Std deviations      :    0.0018    0.0017

Intensities (%)     :   48.9699   51.0301
Std deviations      :    2.0529    2.0529

Mean lifetime(ns)   :    0.1898
Std deviation       :    0.0001

Background (counts/channel)   :     8.4843
             Std deviation    :     0.0352

Time-zero (channel no.)       :  1400.0222
             Std deviation    :     0.0175

Total area   from fit         : 5.73454E+06     from table : 5.73500E+06

######################### P o s i t r o n F i t ########################

Time for this job:     0.28 seconds.
