PALSfit - Version 3.251 26-apr-2022 - Licensed to David J Keeble
Input file: C:\Users\ftamb\Documents\GitHub\Palsfit\Batch 6\20-80.tmp
P O S I T R O N F I T . Version 3.251     Job time 14:22:43.34 26-JAN-24
************************************************************************
00001 Untitled 14:14:12.27 26-JAN-24
in file: .\20-80.dat
************************************************************************
Dataset 1

Time scale   ns/channel       :   0.003000
Area range   starts in ch     1 and ends in ch   10000
Fit range    starts in ch  2941 and ends in ch    8609

----------------- I n i t i a l    P a r a m e t e r s -----------------
Resolution function:

FWHM (ns)           :    0.2036    0.3022    0.1573
Intensities (%)     :   60.0000   30.0000   10.0000
Shifts (ns)         :    0.0000    0.0203   -0.0847

Time-zero (ch.no)   : 3011.0000G

Lifetimes (ns)      :    0.4000G


----------------- N o  S o u r c e  C o r r e c t i o n ----------------

####################### F i n a l  R e s u l t s #######################
Dataset 1

Convergence obtained after 5 iterations
Chi-square =      6629.35  with 5665 degrees of freedom
Reduced chi-square = chi-square/dof =    1.170  with std deviation 0.019
Significance of imperfect model = 100.00 %

Lifetimes (ns)      :    0.4295
Std deviations      :    0.0002

Intensities (%)     :  100.0000
Std deviations      :    0.0000

Mean lifetime(ns)   :    0.4295
Std deviation       :    0.0002

Background (counts/channel)   :     1.0052
             Std deviation    :     0.0177

Time-zero (channel no.)       :  2999.7568
             Std deviation    :     0.0285

Total area   from fit         : 1.00063E+07     from table : 1.00050E+07

######################### P o s i t r o n F i t ########################

Time for this job:     0.23 seconds.
