PALSfit - Version 3.251 26-apr-2022 - Licensed to David J Keeble
Input file: C:\Users\ftamb\Documents\GitHub\Palsfit\Batch 6\80-20.tmp
P O S I T R O N F I T . Version 3.251     Job time 15:14:11.58 26-JAN-24
************************************************************************
00001 Untitled 14:14:45.58 26-JAN-24
Intrinsic spectrum
************************************************************************
Dataset 1

Time scale   ns/channel       :   0.003000
Area range   starts in ch     1 and ends in ch   10000
Fit range    starts in ch  2940 and ends in ch    8609

----------------- I n i t i a l    P a r a m e t e r s -----------------
Resolution function:

FWHM (ns)           :    0.2036    0.3022    0.1573
Intensities (%)     :   60.0000   30.0000   10.0000
Shifts (ns)         :    0.0000    0.0203   -0.0847

Time-zero (ch.no)   : 3010.0000G

Lifetimes (ns)      :    0.3700G


----------------- N o  S o u r c e  C o r r e c t i o n ----------------

####################### F i n a l  R e s u l t s #######################
Dataset 1

Convergence obtained after 5 iterations
Chi-square =      7150.59  with 5666 degrees of freedom
Reduced chi-square = chi-square/dof =    1.262  with std deviation 0.019
Significance of imperfect model = 100.00 %

Lifetimes (ns)      :    0.3862
Std deviations      :    0.0001

Intensities (%)     :  100.0000
Std deviations      :    0.0000

Mean lifetime(ns)   :    0.3862
Std deviation       :    0.0001

Background (counts/channel)   :     1.0475
             Std deviation    :     0.0175

Time-zero (channel no.)       :  2999.7470
             Std deviation    :     0.0274

Total area   from fit         : 1.00061E+07     from table : 1.00050E+07

######################### P o s i t r o n F i t ########################

Time for this job:     0.27 seconds.
