PALSfit3 called with parameter: C:\Users\ftamb\Documents\GitHub\Palsfit\Batch 3\single Gaussian IRF\gauss150\150\200_50_50.pfc and options:           
PALSfit3 loading control file: C:\Users\ftamb\Documents\GitHub\Palsfit\Batch 3\single Gaussian IRF\gauss150\150\200_50_50.pfc
Controlfile[1]=
Controlfile[2]=
Controlfile[3]=
Controlfile[4]=
Controlfile[5]=
Controlfile[6]=
Controlfile[7]=
Controlfile[8]=
POSITRONFIT control file: C:\Users\ftamb\Documents\GitHub\Palsfit\Batch 3\single Gaussian IRF\gauss150\150\200_50_50.pfc loaded
POSITRONFIT control file: C:\Users\ftamb\Documents\GitHub\Palsfit\Batch 3\single Gaussian IRF\gauss150\150\200_50_50.pfc loaded at startup
 Analyzing C:\Users\ftamb\Documents\GitHub\Palsfit\Batch 3\single Gaussian IRF\g
 auss150\150\200_50_50_01.tmp
07:38:30.73 14-NOV-23 - 00001 Untitled 00:41:04.92 24-FEB-23
07:38:30.73 14-NOV-23 - 00001 Untitled 00:41:04.92 24-FEB-23
Controlfile[1]=
Controlfile[2]=
Controlfile[3]=
Controlfile[4]=
Controlfile[5]=
Controlfile[6]=
Controlfile[7]=
Controlfile[8]=
