PALSfit - Version 3.251 26-apr-2022 - Licensed to David Keeble
Input file: H:\PALSfit3\Project\Batch 1+2\Batch1+2\230_5050.pfc
P O S I T R O N F I T . Version 3.251     Job time 17:36:03.15 11-APR-24
************************************************************************
00001 Untitled 17:28:13.54 11-APR-24
Intrinsic spectrum
************************************************************************
Dataset 1

Time scale   ns/channel       :   0.003000
Area range   starts in ch     1 and ends in ch   10000
Fit range    starts in ch  2937 and ends in ch    8607

----------------- I n i t i a l    P a r a m e t e r s -----------------
Resolution function:

FWHM (ns)           :    0.2036    0.3022    0.1573
Intensities (%)     :   60.0000   30.0000   10.0000
Shifts (ns)         :    0.0000    0.0203   -0.0847

Time-zero (ch.no)   : 3003.0000G

Lifetimes (ns)      :    0.1800G   0.2300G


----------------- N o  S o u r c e  C o r r e c t i o n ----------------

####################### F i n a l  R e s u l t s #######################
Dataset 1

Convergence obtained after 9 iterations
Chi-square =      3257.37  with 5665 degrees of freedom
Reduced chi-square = chi-square/dof =    0.575  with std deviation 0.019
Significance of imperfect model =   0.00 %

Lifetimes (ns)      :    0.1830    0.2339
Std deviations      :    0.0034    0.0041

Intensities (%)     :   56.7697   43.2303
Std deviations      :    7.1455    7.1455

Mean lifetime(ns)   :    0.2050
Std deviation       :    0.0001

Background (counts/channel)   :     0.5121
             Std deviation    :     0.0151

Time-zero (channel no.)       :  3000.0127
             Std deviation    :     0.0323

Total area   from fit         : 1.00049E+07     from table : 1.00050E+07

######################### P o s i t r o n F i t ########################

Time for this job:     0.27 seconds.
