PALSfit - Version 3.251 26-apr-2022 - Licensed to David Keeble
Input file: H:\PALSfit3\Project\Batch 1+2\Batch1+2\270_8020.pfc
P O S I T R O N F I T . Version 3.251     Job time 17:41:42.88 11-APR-24
************************************************************************
00001 Untitled 17:30:56.75 11-APR-24
Intrinsic spectrum
************************************************************************
Dataset 1

Time scale   ns/channel       :   0.003000
Area range   starts in ch     1 and ends in ch   10000
Fit range    starts in ch  2937 and ends in ch    8606

----------------- I n i t i a l    P a r a m e t e r s -----------------
Resolution function:

FWHM (ns)           :    0.2036    0.3022    0.1573
Intensities (%)     :   60.0000   30.0000   10.0000
Shifts (ns)         :    0.0000    0.0203   -0.0847

Time-zero (ch.no)   : 3003.0000G

Lifetimes (ns)      :    0.1800G   0.2700G


----------------- N o  S o u r c e  C o r r e c t i o n ----------------

####################### F i n a l  R e s u l t s #######################
Dataset 1

Convergence obtained after 6 iterations
Chi-square =      3330.67  with 5664 degrees of freedom
Reduced chi-square = chi-square/dof =    0.588  with std deviation 0.019
Significance of imperfect model =   0.00 %

Lifetimes (ns)      :    0.1807    0.2731
Std deviations      :    0.0009    0.0032

Intensities (%)     :   81.3121   18.6879
Std deviations      :    1.3368    1.3368

Mean lifetime(ns)   :    0.1980
Std deviation       :    0.0001

Background (counts/channel)   :     0.5138
             Std deviation    :     0.0152

Time-zero (channel no.)       :  3000.0044
             Std deviation    :     0.0294

Total area   from fit         : 1.00049E+07     from table : 1.00050E+07

######################### P o s i t r o n F i t ########################

Time for this job:     0.22 seconds.
