PALSfit - Version 3.251 26-apr-2022 - Licensed to David Keeble
Input file: H:\PALSfit3\Project\Batch 5\BG 8.5k\180_20_80.pfc
P O S I T R O N F I T . Version 3.251     Job time 21:57:24.93 14-NOV-23
************************************************************************
00001 Untitled 21:41:35.46 14-NOV-23
Intrinsic spectrum
************************************************************************
Dataset 1

Time scale   ns/channel       :   0.005000
Area range   starts in ch     1 and ends in ch   10000
Fit range    starts in ch  1367 and ends in ch    8283

----------------- I n i t i a l    P a r a m e t e r s -----------------
Resolution function:

FWHM (ns)           :    0.2100
Intensities (%)     :  100.0000
Shifts (ns)         :    0.0000

Time-zero (ch.no)   : 1403.0000G

Lifetimes (ns)      :    0.1500G   0.1800G


----------------- N o  S o u r c e  C o r r e c t i o n ----------------

####################### F i n a l  R e s u l t s #######################
Dataset 1

Convergence obtained after 13 iterations
Chi-square =      7131.86  with 6911 degrees of freedom
Reduced chi-square = chi-square/dof =    1.032  with std deviation 0.017
Significance of imperfect model =  96.89 %

Lifetimes (ns)      :    0.1480    0.1799
Std deviations      :    0.0122    0.0026

Intensities (%)     :   18.4329   81.5671
Std deviations      :   13.5715   13.5715

Mean lifetime(ns)   :    0.1740
Std deviation       :    0.0001

Background (counts/channel)   :     8.5252
             Std deviation    :     0.0352

Time-zero (channel no.)       :  1399.9992
             Std deviation    :     0.0148

Total area   from fit         : 1.70349E+07     from table : 1.70350E+07

######################### P o s i t r o n F i t ########################

Time for this job:     0.23 seconds.
