PALSfit - Version 3.251 26-apr-2022 - Licensed to David Keeble
Input file: H:\PALSfit3\Project\Batch 5\BG 8.5k\180_50_50.pfc
P O S I T R O N F I T . Version 3.251     Job time 21:58:30.01 14-NOV-23
************************************************************************
00001 Untitled 21:51:55.13 14-NOV-23
Intrinsic spectrum
************************************************************************
Dataset 1

Time scale   ns/channel       :   0.005000
Area range   starts in ch     1 and ends in ch   10000
Fit range    starts in ch  1367 and ends in ch    8283

----------------- I n i t i a l    P a r a m e t e r s -----------------
Resolution function:

FWHM (ns)           :    0.2100
Intensities (%)     :  100.0000
Shifts (ns)         :    0.0000

Time-zero (ch.no)   : 1403.0000G

Lifetimes (ns)      :    0.1500G   0.1800G


----------------- N o  S o u r c e  C o r r e c t i o n ----------------

####################### F i n a l  R e s u l t s #######################
Dataset 1

Convergence obtained after 16 iterations
Chi-square =      7132.16  with 6911 degrees of freedom
Reduced chi-square = chi-square/dof =    1.032  with std deviation 0.017
Significance of imperfect model =  96.91 %

Lifetimes (ns)      :    0.1474    0.1783
Std deviations      :    0.0051    0.0036

Intensities (%)     :   43.1493   56.8507
Std deviations      :   13.5156   13.5156

Mean lifetime(ns)   :    0.1650
Std deviation       :    0.0001

Background (counts/channel)   :     8.5268
             Std deviation    :     0.0352

Time-zero (channel no.)       :  1400.0029
             Std deviation    :     0.0140

Total area   from fit         : 1.70347E+07     from table : 1.70350E+07

######################### P o s i t r o n F i t ########################

Time for this job:     0.27 seconds.
