PALSfit - Version 3.251 26-apr-2022 - Licensed to David Keeble
Input file: H:\PALSfit3\Project\Batch 5\BG 8.5k\180_80_20.pfc
P O S I T R O N F I T . Version 3.251     Job time 21:59:48.66 14-NOV-23
************************************************************************
00001 Untitled 21:53:02.28 14-NOV-23
Intrinsic spectrum
************************************************************************
Dataset 1

Time scale   ns/channel       :   0.005000
Area range   starts in ch     1 and ends in ch   10000
Fit range    starts in ch  1367 and ends in ch    8283

----------------- I n i t i a l    P a r a m e t e r s -----------------
Resolution function:

FWHM (ns)           :    0.2100
Intensities (%)     :  100.0000
Shifts (ns)         :    0.0000

Time-zero (ch.no)   : 1403.0000G

Lifetimes (ns)      :    0.1500G   0.1800G


----------------- N o  S o u r c e  C o r r e c t i o n ----------------

####################### F i n a l  R e s u l t s #######################
Dataset 1

Convergence obtained after 12 iterations
Chi-square =      7131.85  with 6911 degrees of freedom
Reduced chi-square = chi-square/dof =    1.032  with std deviation 0.017
Significance of imperfect model =  96.89 %

Lifetimes (ns)      :    0.1482    0.1757
Std deviations      :    0.0035    0.0082

Intensities (%)     :   71.8336   28.1664
Std deviations      :   17.2231   17.2231

Mean lifetime(ns)   :    0.1560
Std deviation       :    0.0001

Background (counts/channel)   :     8.5286
             Std deviation    :     0.0351

Time-zero (channel no.)       :  1400.0033
             Std deviation    :     0.0133

Total area   from fit         : 1.70347E+07     from table : 1.70350E+07

######################### P o s i t r o n F i t ########################

Time for this job:     0.25 seconds.
