PALSfit - Version 3.251 26-apr-2022 - Licensed to David Keeble
Input file: H:\PALSfit3\Project\Batch 5\BG 8.5k\190_80_20.pfc
P O S I T R O N F I T . Version 3.251     Job time 22:02:41.75 14-NOV-23
************************************************************************
00001 Untitled 21:53:25.41 14-NOV-23
Intrinsic spectrum
************************************************************************
Dataset 1

Time scale   ns/channel       :   0.005000
Area range   starts in ch     1 and ends in ch   10000
Fit range    starts in ch  1367 and ends in ch    8283

----------------- I n i t i a l    P a r a m e t e r s -----------------
Resolution function:

FWHM (ns)           :    0.2100
Intensities (%)     :  100.0000
Shifts (ns)         :    0.0000

Time-zero (ch.no)   : 1403.0000G

Lifetimes (ns)      :    0.1500G   0.1900G


----------------- N o  S o u r c e  C o r r e c t i o n ----------------

####################### F i n a l  R e s u l t s #######################
Dataset 1

Convergence obtained after 9 iterations
Chi-square =      7126.66  with 6911 degrees of freedom
Reduced chi-square = chi-square/dof =    1.031  with std deviation 0.017
Significance of imperfect model =  96.57 %

Lifetimes (ns)      :    0.1490    0.1876
Std deviations      :    0.0018    0.0054

Intensities (%)     :   76.7643   23.2357
Std deviations      :    6.7234    6.7234

Mean lifetime(ns)   :    0.1580
Std deviation       :    0.0001

Background (counts/channel)   :     8.5289
             Std deviation    :     0.0352

Time-zero (channel no.)       :  1400.0030
             Std deviation    :     0.0130

Total area   from fit         : 1.70348E+07     from table : 1.70350E+07

######################### P o s i t r o n F i t ########################

Time for this job:     0.22 seconds.
