PALSfit - Version 3.251 26-apr-2022 - Licensed to David Keeble
Input file: H:\PALSfit3\Project\Batch 5\BG 8.5k\190_20_80.pfc
P O S I T R O N F I T . Version 3.251     Job time 22:00:28.76 14-NOV-23
************************************************************************
00001 Untitled 21:44:43.27 14-NOV-23
Intrinsic spectrum
************************************************************************
Dataset 1

Time scale   ns/channel       :   0.005000
Area range   starts in ch     1 and ends in ch   10000
Fit range    starts in ch  1367 and ends in ch    8284

----------------- I n i t i a l    P a r a m e t e r s -----------------
Resolution function:

FWHM (ns)           :    0.2100
Intensities (%)     :  100.0000
Shifts (ns)         :    0.0000

Time-zero (ch.no)   : 1404.0000G

Lifetimes (ns)      :    0.1500G   0.1900G


----------------- N o  S o u r c e  C o r r e c t i o n ----------------

####################### F i n a l  R e s u l t s #######################
Dataset 1

Convergence obtained after 16 iterations
Chi-square =      7074.42  with 6912 degrees of freedom
Reduced chi-square = chi-square/dof =    1.023  with std deviation 0.017
Significance of imperfect model =  91.57 %

Lifetimes (ns)      :    0.1491    0.1901
Std deviations      :    0.0078    0.0018

Intensities (%)     :   19.7158   80.2842
Std deviations      :    7.1372    7.1372

Mean lifetime(ns)   :    0.1820
Std deviation       :    0.0001

Background (counts/channel)   :     8.5245
             Std deviation    :     0.0352

Time-zero (channel no.)       :  1399.9987
             Std deviation    :     0.0150

Total area   from fit         : 1.70350E+07     from table : 1.70350E+07

######################### P o s i t r o n F i t ########################

Time for this job:     0.23 seconds.
