PALSfit - Version 3.251 26-apr-2022 - Licensed to David Keeble
Input file: H:\PALSfit3\Project\Batch 5\BG 8.5k\210_20_80.pfc
P O S I T R O N F I T . Version 3.251     Job time 22:04:50.99 14-NOV-23
************************************************************************
00001 Untitled 21:45:52.64 14-NOV-23
Intrinsic spectrum
************************************************************************
Dataset 1

Time scale   ns/channel       :   0.005000
Area range   starts in ch     1 and ends in ch   10000
Fit range    starts in ch  1367 and ends in ch    8284

----------------- I n i t i a l    P a r a m e t e r s -----------------
Resolution function:

FWHM (ns)           :    0.2100
Intensities (%)     :  100.0000
Shifts (ns)         :    0.0000

Time-zero (ch.no)   : 1404.0000G

Lifetimes (ns)      :    0.1500G   0.2100G


----------------- N o  S o u r c e  C o r r e c t i o n ----------------

####################### F i n a l  R e s u l t s #######################
Dataset 1

Convergence obtained after 16 iterations
Chi-square =      7081.76  with 6912 degrees of freedom
Reduced chi-square = chi-square/dof =    1.025  with std deviation 0.017
Significance of imperfect model =  92.48 %

Lifetimes (ns)      :    0.1509    0.2104
Std deviations      :    0.0044    0.0011

Intensities (%)     :   20.8439   79.1561
Std deviations      :    2.8962    2.8962

Mean lifetime(ns)   :    0.1980
Std deviation       :    0.0001

Background (counts/channel)   :     8.5253
             Std deviation    :     0.0353

Time-zero (channel no.)       :  1399.9951
             Std deviation    :     0.0154

Total area   from fit         : 1.70350E+07     from table : 1.70350E+07

######################### P o s i t r o n F i t ########################

Time for this job:     0.27 seconds.
