PALSfit - Version 3.251 26-apr-2022 - Licensed to David Keeble
Input file: H:\PALSfit3\Project\Batch 5\BG 8.5k\230_80_20.pfc
P O S I T R O N F I T . Version 3.251     Job time 22:08:50.13 14-NOV-23
************************************************************************
00001 Untitled 21:55:34.28 14-NOV-23
Intrinsic spectrum
************************************************************************
Dataset 1

Time scale   ns/channel       :   0.005000
Area range   starts in ch     1 and ends in ch   10000
Fit range    starts in ch  1367 and ends in ch    8283

----------------- I n i t i a l    P a r a m e t e r s -----------------
Resolution function:

FWHM (ns)           :    0.2100
Intensities (%)     :  100.0000
Shifts (ns)         :    0.0000

Time-zero (ch.no)   : 1403.0000G

Lifetimes (ns)      :    0.1500G   0.2300G


----------------- N o  S o u r c e  C o r r e c t i o n ----------------

####################### F i n a l  R e s u l t s #######################
Dataset 1

Convergence obtained after 6 iterations
Chi-square =      7154.14  with 6911 degrees of freedom
Reduced chi-square = chi-square/dof =    1.035  with std deviation 0.017
Significance of imperfect model =  97.98 %

Lifetimes (ns)      :    0.1497    0.2297
Std deviations      :    0.0006    0.0020

Intensities (%)     :   79.6621   20.3379
Std deviations      :    1.0312    1.0312

Mean lifetime(ns)   :    0.1660
Std deviation       :    0.0001

Background (counts/channel)   :     8.5295
             Std deviation    :     0.0353

Time-zero (channel no.)       :  1400.0033
             Std deviation    :     0.0124

Total area   from fit         : 1.70348E+07     from table : 1.70350E+07

######################### P o s i t r o n F i t ########################

Time for this job:     0.20 seconds.
