PALSfit3 called with parameter: C:\Users\ftamb\Documents\GitHub\Palsfit\Batch 3\single Gaussian IRF\gauss100\150\180_20_80.pfc and options:           
PALSfit3 loading control file: C:\Users\ftamb\Documents\GitHub\Palsfit\Batch 3\single Gaussian IRF\gauss100\150\180_20_80.pfc
Controlfile[1]=
Controlfile[2]=
Controlfile[3]=
Controlfile[4]=
Controlfile[5]=
Controlfile[6]=
Controlfile[7]=
Controlfile[8]=
POSITRONFIT control file: C:\Users\ftamb\Documents\GitHub\Palsfit\Batch 3\single Gaussian IRF\gauss100\150\180_20_80.pfc loaded
POSITRONFIT control file: C:\Users\ftamb\Documents\GitHub\Palsfit\Batch 3\single Gaussian IRF\gauss100\150\180_20_80.pfc loaded at startup
 Analyzing C:\Users\ftamb\Documents\GitHub\Palsfit\Batch 3\single Gaussian IRF\g
 auss100\150\180_20_80_01.tmp
15:48:39.44 14-NOV-23 - 00001 Untitled 00:48:11.35 24-FEB-23
15:48:39.44 14-NOV-23 - 00001 Untitled 00:48:11.35 24-FEB-23
15:48:39.44 14-NOV-23 - 00001 Untitled 00:48:11.35 24-FEB-23
15:48:39.44 14-NOV-23 - 00001 Untitled 00:48:11.35 24-FEB-23
Controlfile[1]=
Controlfile[2]=
Controlfile[3]=
Controlfile[4]=
Controlfile[5]=
Controlfile[6]=
Controlfile[7]=
Controlfile[8]=
