PALSfit - Version 3.251 26-apr-2022 - Licensed to David J Keeble
Input file: C:\Users\ftamb\Documents\Pals\221127\t240_20_80.tmp
P O S I T R O N F I T . Version 3.251     Job time 13:12:57.87 27-NOV-22
************************************************************************
00001 Untitled 13:03:04.33 27-NOV-22
in file: .\240_20_80.dat
************************************************************************
Dataset 1

Time scale   ns/channel       :   0.005000
Area range   starts in ch     1 and ends in ch   10000
Fit range    starts in ch  1368 and ends in ch    8283

----------------- I n i t i a l    P a r a m e t e r s -----------------
Resolution function:

FWHM (ns)           :    0.2130    0.1500    0.2650
Intensities (%)     :   80.0000   10.0000   10.0000
Shifts (ns)         :    0.0000   -0.0050    0.0170

Time-zero (ch.no)   : 1405.0000G

Lifetimes (ns)      :    0.1000G   0.5000G


----------------- N o  S o u r c e  C o r r e c t i o n ----------------

####################### F i n a l  R e s u l t s #######################
Dataset 1

Convergence obtained after 22 iterations
Chi-square =      7452.08  with 6910 degrees of freedom
Reduced chi-square = chi-square/dof =    1.078  with std deviation 0.017
Significance of imperfect model = 100.00 %

Lifetimes (ns)      :    0.1842    0.2411
Std deviations      :    0.0121    0.0034

Intensities (%)     :   22.1248   77.8752
Std deviations      :    9.1032    9.1032

Mean lifetime(ns)   :    0.2285
Std deviation       :    0.0002

Background (counts/channel)   :     8.5015
             Std deviation    :     0.0353

Time-zero (channel no.)       :  1400.0101
             Std deviation    :     0.0262

Total area   from fit         : 5.73459E+06     from table : 5.73500E+06

######################### P o s i t r o n F i t ########################

Time for this job:     0.61 seconds.
