PALSfit - Version 3.251 26-apr-2022 - Licensed to David Keeble
Input file: H:\PALSfit3\Project\Batch 2\180_230\180_230_02.tmp
P O S I T R O N F I T . Version 3.251     Job time 17:13:42.25 25-NOV-22
************************************************************************
00001 Untitled 15:20:38.65 25-NOV-22
in file: .\180_230.dat
************************************************************************
Dataset 1

Time scale   ns/channel       :   0.005000
Area range   starts in ch     1 and ends in ch   10000
Fit range    starts in ch  1367 and ends in ch    8284

----------------- I n i t i a l    P a r a m e t e r s -----------------
Resolution function:

FWHM (ns)           :    0.2132    0.1502    0.2657
Intensities (%)     :   80.0000   10.0000   10.0000
Shifts (ns)         :    0.0000   -0.0050    0.0170

Time-zero (ch.no)   : 1404.0000G

Lifetimes (ns)      :    0.1820G   0.2200G


----------------- N o  S o u r c e  C o r r e c t i o n ----------------

####################### F i n a l  R e s u l t s #######################
Dataset 1

Convergence obtained after 10 iterations
Chi-square =      7442.36  with 6912 degrees of freedom
Reduced chi-square = chi-square/dof =    1.077  with std deviation 0.017
Significance of imperfect model = 100.00 %

Lifetimes (ns)      :    0.1805    0.2244
Std deviations      :    0.0044    0.0125

Intensities (%)     :   74.9377   25.0623
Std deviations      :   14.4739   14.4739

Mean lifetime(ns)   :    0.1915
Std deviation       :    0.0001

Background (counts/channel)   :     8.5002
             Std deviation    :     0.0352

Time-zero (channel no.)       :  1400.0055
             Std deviation    :     0.0230

Total area   from fit         : 5.73507E+06     from table : 5.73500E+06

######################### P o s i t r o n F i t ########################

Time for this job:     0.28 seconds.
