PALSfit - Version 3.251 26-apr-2022 - Licensed to David Keeble
Input file: H:\PALSfit3\Project\Batch 2\180_230\fit_09.tmp
P O S I T R O N F I T . Version 3.251     Job time 15:07:22.02 25-NOV-22
************************************************************************
00004  14:23:16.01 25-NOV-22
in file: .\180_230.dat
************************************************************************
Dataset 1

Time scale   ns/channel       :   0.020000
Area range   starts in ch     1 and ends in ch   10000
Fit range    starts in ch  1357 and ends in ch    8284

----------------- I n i t i a l    P a r a m e t e r s -----------------
Resolution function:

FWHM (ns)           :    0.2132    0.1502    0.2657
Intensities (%)     :   80.0000   10.0000   10.0000
Shifts (ns)         :    0.0000   -0.0050    0.0170

Time-zero (ch.no)   : 1404.0000G

Lifetimes (ns)      :    0.1000G   0.5000G


----------------- N o  S o u r c e  C o r r e c t i o n ----------------

####################### F i n a l  R e s u l t s #######################
Dataset 1

Convergence obtained after 38 iterations
Chi-square =    604088.44  with 6922 degrees of freedom
Reduced chi-square = chi-square/dof =   87.271  with std deviation 0.017
Significance of imperfect model = 100.00 %

Lifetimes (ns)      :    1.1858    1.1859
Std deviations      :    0.0000    0.0000

Intensities (%)     :********************
Std deviations      :   88.3193   88.3193

Mean lifetime(ns)   :    0.9344
Std deviation       :    0.0005

Background (counts/channel)   :     8.9773
             Std deviation    :     0.0351

Time-zero (channel no.)       :  1395.2897
             Std deviation    :     0.0087

Total area   from fit         : 5.13303E+06     from table : 5.73500E+06

######################### P o s i t r o n F i t ########################

Time for this job:     0.78 seconds.
