PALSfit - Version 3.251 26-apr-2022 - Licensed to David J Keeble
Input file: C:\Users\ftamb\Documents\GitHub\Palsfit\Batch 3\re...\180_20_80.tmp
P O S I T R O N F I T . Version 3.251     Job time 17:29:44.15 05-FEB-23
************************************************************************
00001 Untitled 22:01:50.33 04-FEB-23
Intrinsic spectrum
************************************************************************
Dataset 1

Time scale   ns/channel       :   0.005000
Area range   starts in ch     1 and ends in ch   10000
Fit range    starts in ch  1367 and ends in ch    8283

----------------- I n i t i a l    P a r a m e t e r s -----------------
Resolution function:

FWHM (ns)           :    0.2132    0.1502    0.2657
Intensities (%)     :   80.0000   10.0000   10.0000
Shifts (ns)         :    0.0000   -0.0050    0.0170

Time-zero (ch.no)   : 1403.0000G

Lifetimes (ns)      :    0.1500G   0.1800G


----------------- N o  S o u r c e  C o r r e c t i o n ----------------

####################### F i n a l  R e s u l t s #######################
Dataset 1

Convergence obtained after 21 iterations
Chi-square =      7406.94  with 6911 degrees of freedom
Reduced chi-square = chi-square/dof =    1.072  with std deviation 0.017
Significance of imperfect model = 100.00 %

Lifetimes (ns)      :    0.1342    0.1779
Std deviations      :    0.0225    0.0022

Intensities (%)     :    9.5185   90.4815
Std deviations      :    9.2629    9.2629

Mean lifetime(ns)   :    0.1738
Std deviation       :    0.0002

Background (counts/channel)   :     8.4864
             Std deviation    :     0.0350

Time-zero (channel no.)       :  1400.0385
             Std deviation    :     0.0281

Total area   from fit         : 5.73441E+06     from table : 5.73500E+06

######################### P o s i t r o n F i t ########################

Time for this job:     0.58 seconds.
