PALSfit - Version 3.251 26-apr-2022 - Licensed to David J Keeble
Input file: C:\Users\ftamb\Documents\GitHub\Palsfit\Batch 3\re...\180_80_20.tmp
P O S I T R O N F I T . Version 3.251     Job time 17:32:37.93 05-FEB-23
************************************************************************
00001 Untitled 22:00:35.75 04-FEB-23
Intrinsic spectrum
************************************************************************
Dataset 1

Time scale   ns/channel       :   0.005000
Area range   starts in ch     1 and ends in ch   10000
Fit range    starts in ch  1366 and ends in ch    8283

----------------- I n i t i a l    P a r a m e t e r s -----------------
Resolution function:

FWHM (ns)           :    0.2132    0.1502    0.2657
Intensities (%)     :   80.0000   10.0000   10.0000
Shifts (ns)         :    0.0000   -0.0050    0.0170

Time-zero (ch.no)   : 1403.0000G

Lifetimes (ns)      :    0.1500G   0.1800G


----------------- N o  S o u r c e  C o r r e c t i o n ----------------

####################### F i n a l  R e s u l t s #######################
Dataset 1

Convergence obtained after 8 iterations
Chi-square =      7406.60  with 6912 degrees of freedom
Reduced chi-square = chi-square/dof =    1.072  with std deviation 0.017
Significance of imperfect model = 100.00 %

Lifetimes (ns)      :    0.1502    0.1837
Std deviations      :    0.0040    0.0185

Intensities (%)     :   83.2608   16.7392
Std deviations      :   18.9410   18.9410

Mean lifetime(ns)   :    0.1558
Std deviation       :    0.0001

Background (counts/channel)   :     8.4870
             Std deviation    :     0.0350

Time-zero (channel no.)       :  1400.0265
             Std deviation    :     0.0227

Total area   from fit         : 5.73443E+06     from table : 5.73500E+06

######################### P o s i t r o n F i t ########################

Time for this job:     0.38 seconds.
