PALSfit - Version 3.251 26-apr-2022 - Licensed to David J Keeble
Input file: C:\Users\ftamb\Documents\GitHub\Palsfit\Batch 3...\190_50_50_01.tmp
P O S I T R O N F I T . Version 3.251     Job time 17:37:04.57 05-FEB-23
************************************************************************
00001 Untitled 17:18:27.63 05-FEB-23
Intrinsic spectrum
************************************************************************
Dataset 1

Time scale   ns/channel       :   0.005000
Area range   starts in ch     1 and ends in ch   10000
Fit range    starts in ch  1367 and ends in ch    8283

----------------- I n i t i a l    P a r a m e t e r s -----------------
Resolution function:

FWHM (ns)           :    0.2132    0.1502    0.2657
Intensities (%)     :   80.0000   10.0000   10.0000
Shifts (ns)         :    0.0000   -0.0050    0.0170

Time-zero (ch.no)   : 1403.0000G

Lifetimes (ns)      :    0.1500G   0.1900G


----------------- N o  S o u r c e  C o r r e c t i o n ----------------

####################### F i n a l  R e s u l t s #######################
Dataset 1

Convergence obtained after 13 iterations
Chi-square =      7411.53  with 6911 degrees of freedom
Reduced chi-square = chi-square/dof =    1.072  with std deviation 0.017
Significance of imperfect model = 100.00 %

Lifetimes (ns)      :    0.1464    0.1875
Std deviations      :    0.0060    0.0042

Intensities (%)     :   43.0502   56.9498
Std deviations      :   11.8846   11.8846

Mean lifetime(ns)   :    0.1698
Std deviation       :    0.0001

Background (counts/channel)   :     8.4861
             Std deviation    :     0.0350

Time-zero (channel no.)       :  1400.0324
             Std deviation    :     0.0250

Total area   from fit         : 5.73447E+06     from table : 5.73500E+06

######################### P o s i t r o n F i t ########################

Time for this job:     0.50 seconds.
