PALSfit - Version 3.251 26-apr-2022 - Licensed to David J Keeble
Input file: C:\Users\ftamb\Documents\GitHub\Palsfit\Batch 3...\210_80_20_01.tmp
P O S I T R O N F I T . Version 3.251     Job time 17:48:33.83 05-FEB-23
************************************************************************
00001 Untitled 17:27:41.37 05-FEB-23
Intrinsic spectrum
************************************************************************
Dataset 1

Time scale   ns/channel       :   0.005000
Area range   starts in ch     1 and ends in ch   10000
Fit range    starts in ch  1366 and ends in ch    8283

----------------- I n i t i a l    P a r a m e t e r s -----------------
Resolution function:

FWHM (ns)           :    0.2132    0.1502    0.2657
Intensities (%)     :   80.0000   10.0000   10.0000
Shifts (ns)         :    0.0000   -0.0050    0.0170

Time-zero (ch.no)   : 1403.0000G

Lifetimes (ns)      :    0.1500G   0.2100G


----------------- N o  S o u r c e  C o r r e c t i o n ----------------

####################### F i n a l  R e s u l t s #######################
Dataset 1

Convergence obtained after 6 iterations
Chi-square =      7362.93  with 6912 degrees of freedom
Reduced chi-square = chi-square/dof =    1.065  with std deviation 0.017
Significance of imperfect model =  99.99 %

Lifetimes (ns)      :    0.1493    0.2095
Std deviations      :    0.0016    0.0057

Intensities (%)     :   79.2618   20.7382
Std deviations      :    3.9665    3.9665

Mean lifetime(ns)   :    0.1618
Std deviation       :    0.0001

Background (counts/channel)   :     8.4867
             Std deviation    :     0.0351

Time-zero (channel no.)       :  1400.0321
             Std deviation    :     0.0222

Total area   from fit         : 5.73446E+06     from table : 5.73500E+06

######################### P o s i t r o n F i t ########################

Time for this job:     0.38 seconds.
