PALSfit - Version 3.251 26-apr-2022 - Licensed to David J Keeble
Input file: C:\Users\ftamb\Documents\GitHub\Palsfit\Batch 3\re...\210_20_80.tmp
P O S I T R O N F I T . Version 3.251     Job time 17:46:13.19 05-FEB-23
************************************************************************
00001 Untitled 17:26:12.81 05-FEB-23
Intrinsic spectrum
************************************************************************
Dataset 1

Time scale   ns/channel       :   0.005000
Area range   starts in ch     1 and ends in ch   10000
Fit range    starts in ch  1367 and ends in ch    8283

----------------- I n i t i a l    P a r a m e t e r s -----------------
Resolution function:

FWHM (ns)           :    0.2132    0.1502    0.2657
Intensities (%)     :   80.0000   10.0000   10.0000
Shifts (ns)         :    0.0000   -0.0050    0.0170

Time-zero (ch.no)   : 1404.0000G

Lifetimes (ns)      :    0.1500G   0.2100G


----------------- N o  S o u r c e  C o r r e c t i o n ----------------

####################### F i n a l  R e s u l t s #######################
Dataset 1

Convergence obtained after 16 iterations
Chi-square =      7350.06  with 6911 degrees of freedom
Reduced chi-square = chi-square/dof =    1.064  with std deviation 0.017
Significance of imperfect model =  99.99 %

Lifetimes (ns)      :    0.1433    0.2089
Std deviations      :    0.0080    0.0016

Intensities (%)     :   16.9398   83.0602
Std deviations      :    3.8569    3.8569

Mean lifetime(ns)   :    0.1978
Std deviation       :    0.0002

Background (counts/channel)   :     8.4846
             Std deviation    :     0.0351

Time-zero (channel no.)       :  1400.0422
             Std deviation    :     0.0281

Total area   from fit         : 5.73447E+06     from table : 5.73500E+06

######################### P o s i t r o n F i t ########################

Time for this job:     0.56 seconds.
