PALSfit - Version 3.251 26-apr-2022 - Licensed to David Keeble
Input file: H:\PALSfit3\Project\Batch 3\regular IRF\tau1 150\220_80_20_01.tmp
P O S I T R O N F I T . Version 3.251     Job time 01:01:34.60 13-JAN-23
************************************************************************
00001 Untitled 17:56:21.66 12-JAN-23
Intrinsic spectrum
************************************************************************
Dataset 1

Time scale   ns/channel       :   0.005000
Area range   starts in ch     1 and ends in ch   10000
Fit range    starts in ch  1366 and ends in ch    8283

----------------- I n i t i a l    P a r a m e t e r s -----------------
Resolution function:

FWHM (ns)           :    0.2132    0.1502    0.2657
Intensities (%)     :   80.0000   10.0000   10.0000
Shifts (ns)         :    0.0000   -0.0050    0.0170

Time-zero (ch.no)   : 1403.0000G

Lifetimes (ns)      :    0.1500G   0.2200G


----------------- N o  S o u r c e  C o r r e c t i o n ----------------

####################### F i n a l  R e s u l t s #######################
Dataset 1

Convergence obtained after 6 iterations
Chi-square =      7376.81  with 6912 degrees of freedom
Reduced chi-square = chi-square/dof =    1.067  with std deviation 0.017
Significance of imperfect model =  99.99 %

Lifetimes (ns)      :    0.1493    0.2193
Std deviations      :    0.0013    0.0045

Intensities (%)     :   79.2866   20.7134
Std deviations      :    2.7018    2.7018

Mean lifetime(ns)   :    0.1638
Std deviation       :    0.0001

Background (counts/channel)   :     8.4867
             Std deviation    :     0.0351

Time-zero (channel no.)       :  1400.0343
             Std deviation    :     0.0220

Total area   from fit         : 5.73443E+06     from table : 5.73500E+06

######################### P o s i t r o n F i t ########################

Time for this job:     0.20 seconds.
