PALSfit - Version 3.251 26-apr-2022 - Licensed to David Keeble
Input file: H:\PALSfit3\Project\Batch 3\regular IRF\tau1 150\220_50_50.tmp
P O S I T R O N F I T . Version 3.251     Job time 00:58:23.71 13-JAN-23
************************************************************************
00001 Untitled 17:54:24.98 12-JAN-23
Intrinsic spectrum
************************************************************************
Dataset 1

Time scale   ns/channel       :   0.005000
Area range   starts in ch     1 and ends in ch   10000
Fit range    starts in ch  1367 and ends in ch    8283

----------------- I n i t i a l    P a r a m e t e r s -----------------
Resolution function:

FWHM (ns)           :    0.2132    0.1502    0.2657
Intensities (%)     :   80.0000   10.0000   10.0000
Shifts (ns)         :    0.0000   -0.0050    0.0170

Time-zero (ch.no)   : 1404.0000G

Lifetimes (ns)      :    0.1500G   0.2200G


----------------- N o  S o u r c e  C o r r e c t i o n ----------------

####################### F i n a l  R e s u l t s #######################
Dataset 1

Convergence obtained after 10 iterations
Chi-square =      7375.07  with 6911 degrees of freedom
Reduced chi-square = chi-square/dof =    1.067  with std deviation 0.017
Significance of imperfect model =  99.99 %

Lifetimes (ns)      :    0.1479    0.2184
Std deviations      :    0.0025    0.0021

Intensities (%)     :   47.7038   52.2962
Std deviations      :    3.1017    3.1017

Mean lifetime(ns)   :    0.1848
Std deviation       :    0.0001

Background (counts/channel)   :     8.4849
             Std deviation    :     0.0351

Time-zero (channel no.)       :  1400.0348
             Std deviation    :     0.0250

Total area   from fit         : 5.73452E+06     from table : 5.73500E+06

######################### P o s i t r o n F i t ########################

Time for this job:     0.25 seconds.
