PALSfit - Version 3.251 26-apr-2022 - Licensed to David Keeble
Input file: H:\PALSfit3\Project\Batch 3\regular IRF\tau1 150\220_20_80.tmp
P O S I T R O N F I T . Version 3.251     Job time 17:40:35.75 12-JAN-23
************************************************************************
00001 Untitled 17:26:29.09 12-JAN-23
in file: .\220_20_80.dat
************************************************************************
Dataset 1

Time scale   ns/channel       :   0.005000
Area range   starts in ch     1 and ends in ch   10000
Fit range    starts in ch  1367 and ends in ch    8283

----------------- I n i t i a l    P a r a m e t e r s -----------------
Resolution function:

FWHM (ns)           :    0.2132    0.1502    0.2657
Intensities (%)     :   80.0000   10.0000   10.0000
Shifts (ns)         :    0.0000   -0.0050    0.0170

Time-zero (ch.no)   : 1404.0000G

Lifetimes (ns)      :    0.1000G   0.5000G


----------------- N o  S o u r c e  C o r r e c t i o n ----------------

####################### F i n a l  R e s u l t s #######################
Dataset 1

Convergence obtained after 21 iterations
Chi-square =      7414.40  with 6911 degrees of freedom
Reduced chi-square = chi-square/dof =    1.073  with std deviation 0.017
Significance of imperfect model = 100.00 %

Lifetimes (ns)      :    0.1443    0.2190
Std deviations      :    0.0065    0.0014

Intensities (%)     :   17.7857   82.2143
Std deviations      :    2.8799    2.8799

Mean lifetime(ns)   :    0.2057
Std deviation       :    0.0002

Background (counts/channel)   :     8.4847
             Std deviation    :     0.0352

Time-zero (channel no.)       :  1400.0437
             Std deviation    :     0.0284

Total area   from fit         : 5.73447E+06     from table : 5.73500E+06

######################### P o s i t r o n F i t ########################

Time for this job:     0.42 seconds.
