PALSfit - Version 3.251 26-apr-2022 - Licensed to David J Keeble
Input file: C:\Users\ftamb\Documents\GitHub\Palsfit\Batch 3\re...\260_20_80.tmp
P O S I T R O N F I T . Version 3.251     Job time 21:08:02.58 14-JAN-23
************************************************************************
00001 Untitled 18:02:18.21 12-JAN-23
in file: .\260_20_80.dat
************************************************************************
Dataset 1

Time scale   ns/channel       :   0.005000
Area range   starts in ch     1 and ends in ch   10000
Fit range    starts in ch  1367 and ends in ch    8283

----------------- I n i t i a l    P a r a m e t e r s -----------------
Resolution function:

FWHM (ns)           :    0.2132    0.1502    0.2657
Intensities (%)     :   80.0000   10.0000   10.0000
Shifts (ns)         :    0.0000   -0.0050    0.0170

Time-zero (ch.no)   : 1405.0000G

Lifetimes (ns)      :    0.1500G   0.2600G


----------------- N o  S o u r c e  C o r r e c t i o n ----------------

####################### F i n a l  R e s u l t s #######################
Dataset 1

Convergence obtained after 10 iterations
Chi-square =      7356.78  with 6911 degrees of freedom
Reduced chi-square = chi-square/dof =    1.065  with std deviation 0.017
Significance of imperfect model =  99.99 %

Lifetimes (ns)      :    0.1478    0.2597
Std deviations      :    0.0038    0.0009

Intensities (%)     :   19.5807   80.4193
Std deviations      :    1.2321    1.2321

Mean lifetime(ns)   :    0.2378
Std deviation       :    0.0002

Background (counts/channel)   :     8.4825
             Std deviation    :     0.0353

Time-zero (channel no.)       :  1400.0384
             Std deviation    :     0.0295

Total area   from fit         : 5.73452E+06     from table : 5.73500E+06

######################### P o s i t r o n F i t ########################

Time for this job:     0.42 seconds.
