PALSfit - Version 3.251 26-apr-2022 - Licensed to David J Keeble
Input file: C:\Users\ftamb\Documents\GitHub\Palsfit\Batch 3\re...\270_50_50.tmp
P O S I T R O N F I T . Version 3.251     Job time 21:15:57.45 14-JAN-23
************************************************************************
00001 Untitled 18:10:56.75 12-JAN-23
Intrinsic spectrum
************************************************************************
Dataset 1

Time scale   ns/channel       :   0.005000
Area range   starts in ch     1 and ends in ch   10000
Fit range    starts in ch  1367 and ends in ch    8283

----------------- I n i t i a l    P a r a m e t e r s -----------------
Resolution function:

FWHM (ns)           :    0.2132    0.1502    0.2657
Intensities (%)     :   80.0000   10.0000   10.0000
Shifts (ns)         :    0.0000   -0.0050    0.0170

Time-zero (ch.no)   : 1404.0000G

Lifetimes (ns)      :    0.1500G   0.2700G


----------------- N o  S o u r c e  C o r r e c t i o n ----------------

####################### F i n a l  R e s u l t s #######################
Dataset 1

Convergence obtained after 10 iterations
Chi-square =      7373.40  with 6911 degrees of freedom
Reduced chi-square = chi-square/dof =    1.067  with std deviation 0.017
Significance of imperfect model =  99.99 %

Lifetimes (ns)      :    0.1491    0.2693
Std deviations      :    0.0013    0.0012

Intensities (%)     :   49.5460   50.4540
Std deviations      :    0.9507    0.9507

Mean lifetime(ns)   :    0.2098
Std deviation       :    0.0002

Background (counts/channel)   :     8.4826
             Std deviation    :     0.0353

Time-zero (channel no.)       :  1400.0304
             Std deviation    :     0.0251

Total area   from fit         : 5.73457E+06     from table : 5.73500E+06

######################### P o s i t r o n F i t ########################

Time for this job:     0.44 seconds.
