PALSfit - Version 3.251 26-apr-2022 - Licensed to David J Keeble
Input file: C:\Users\ftamb\Documents\Pals\221127\t250_80_20.tmp
P O S I T R O N F I T . Version 3.251     Job time 13:48:39.82 27-NOV-22
************************************************************************
00001 Untitled 13:04:05.17 27-NOV-22
Intrinsic spectrum
************************************************************************
Dataset 1

Time scale   ns/channel       :   0.005000
Area range   starts in ch     1 and ends in ch   10000
Fit range    starts in ch  1366 and ends in ch    8283

----------------- I n i t i a l    P a r a m e t e r s -----------------
Resolution function:

FWHM (ns)           :    0.2130    0.1500    0.2650
Intensities (%)     :   80.0000   10.0000   10.0000
Shifts (ns)         :    0.0000   -0.0050    0.0170

Time-zero (ch.no)   : 1404.0000G

Lifetimes (ns)      :    0.1000G   0.5000G


----------------- N o  S o u r c e  C o r r e c t i o n ----------------

####################### F i n a l  R e s u l t s #######################
Dataset 1

Convergence obtained after 13 iterations
Chi-square =      7485.63  with 6912 degrees of freedom
Reduced chi-square = chi-square/dof =    1.083  with std deviation 0.017
Significance of imperfect model = 100.00 %

Lifetimes (ns)      :    0.1823    0.2507
Std deviations      :    0.0020    0.0077

Intensities (%)     :   80.3830   19.6170
Std deviations      :    4.4568    4.4568

Mean lifetime(ns)   :    0.1957
Std deviation       :    0.0001

Background (counts/channel)   :     8.5015
             Std deviation    :     0.0353

Time-zero (channel no.)       :  1400.0016
             Std deviation    :     0.0221

Total area   from fit         : 5.73465E+06     from table : 5.73500E+06

######################### P o s i t r o n F i t ########################

Time for this job:     0.50 seconds.
