PALSfit - Version 3.251 26-apr-2022 - Licensed to David J Keeble
Input file: 
C:\Users\ftamb\Documents\GitHub\Palsfit\Batch 2\180_230v2\230_80_20.tmp
P O S I T R O N F I T . Version 3.251     Job time 22:47:47.09 07-FEB-23
************************************************************************
00001 Untitled 22:43:10.79 07-FEB-23
Intrinsic spectrum
************************************************************************
Dataset 1

Time scale   ns/channel       :   0.005000
Area range   starts in ch     1 and ends in ch   10000
Fit range    starts in ch  1367 and ends in ch    8283

----------------- I n i t i a l    P a r a m e t e r s -----------------
Resolution function:

FWHM (ns)           :    0.2132    0.1502    0.2657
Intensities (%)     :   80.0000   10.0000   10.0000
Shifts (ns)         :    0.0000   -0.0050    0.0170

Time-zero (ch.no)   : 1404.0000G

Lifetimes (ns)      :    0.1800G   0.2300G


----------------- N o  S o u r c e  C o r r e c t i o n ----------------

####################### F i n a l  R e s u l t s #######################
Dataset 1

Convergence obtained after 9 iterations
Chi-square =      7375.15  with 6911 degrees of freedom
Reduced chi-square = chi-square/dof =    1.067  with std deviation 0.017
Significance of imperfect model =  99.99 %

Lifetimes (ns)      :    0.1782    0.2256
Std deviations      :    0.0037    0.0108

Intensities (%)     :   75.5286   24.4714
Std deviations      :   11.3150   11.3150

Mean lifetime(ns)   :    0.1898
Std deviation       :    0.0001

Background (counts/channel)   :     8.4866
             Std deviation    :     0.0352

Time-zero (channel no.)       :  1400.0325
             Std deviation    :     0.0229

Total area   from fit         : 5.73445E+06     from table : 5.73500E+06

######################### P o s i t r o n F i t ########################

Time for this job:     0.36 seconds.
