PALSfit - Version 3.251 26-apr-2022 - Licensed to David J Keeble
Input file: C:\Users\ftamb\Documents\GitHub\Palsfit\Batch 1 v2\220_80_20.tmp
P O S I T R O N F I T . Version 3.251     Job time 23:42:52.99 07-FEB-23
************************************************************************
00001 Untitled 23:25:12.34 07-FEB-23
Intrinsic spectrum
************************************************************************
Dataset 1

Time scale   ns/channel       :   0.005000
Area range   starts in ch     1 and ends in ch   10000
Fit range    starts in ch  1367 and ends in ch    8283

----------------- I n i t i a l    P a r a m e t e r s -----------------
Resolution function:

FWHM (ns)           :    0.2132    0.1502    0.2657
Intensities (%)     :   80.0000   10.0000   10.0000
Shifts (ns)         :    0.0000   -0.0050    0.0170

Time-zero (ch.no)   : 1404.0000G

Lifetimes (ns)      :    0.1800G   0.2200G


----------------- N o  S o u r c e  C o r r e c t i o n ----------------

####################### F i n a l  R e s u l t s #######################
Dataset 1

Convergence obtained after 15 iterations
Chi-square =      7379.01  with 6911 degrees of freedom
Reduced chi-square = chi-square/dof =    1.068  with std deviation 0.017
Significance of imperfect model = 100.00 %

Lifetimes (ns)      :    0.1772    0.2133
Std deviations      :    0.0063    0.0145

Intensities (%)     :   70.6429   29.3571
Std deviations      :   23.8866   23.8866

Mean lifetime(ns)   :    0.1878
Std deviation       :    0.0001

Background (counts/channel)   :     8.4866
             Std deviation    :     0.0351

Time-zero (channel no.)       :  1400.0320
             Std deviation    :     0.0233

Total area   from fit         : 5.73445E+06     from table : 5.73500E+06

######################### P o s i t r o n F i t ########################

Time for this job:     0.48 seconds.
