PALSfit - Version 3.251 26-apr-2022 - Licensed to David J Keeble
Input file: C:\Users\ftamb\Documents\GitHub\Palsfit\Batch 3\re...\250_50_50.pfc
P O S I T R O N F I T . Version 3.251     Job time 11:47:26.35 31-OCT-23
************************************************************************
00001 Untitled 11:42:02.33 31-OCT-23
in file: .\250_50_50.dat
************************************************************************
Dataset 1

Time scale   ns/channel       :   0.005000
Area range   starts in ch     1 and ends in ch   10000
Fit range    starts in ch  1367 and ends in ch    8284

----------------- I n i t i a l    P a r a m e t e r s -----------------
Resolution function:

FWHM (ns)           :    0.2133    0.1502    0.2657
Intensities (%)     :   80.0000   10.0000   10.0000
Shifts (ns)         :    0.0000   -0.0050    0.0170

Time-zero (ch.no)   : 1405.0000G

Lifetimes (ns)      :    0.2200G   0.2500G


----------------- N o  S o u r c e  C o r r e c t i o n ----------------

####################### F i n a l  R e s u l t s #######################
Dataset 1

Convergence obtained after 25 iterations
Chi-square =      7405.51  with 6912 degrees of freedom
Reduced chi-square = chi-square/dof =    1.071  with std deviation 0.017
Significance of imperfect model = 100.00 %

Lifetimes (ns)      :    0.1968    0.2410
Std deviations      :    0.0332    0.0053

Intensities (%)     :   14.0050   85.9950
Std deviations      :   20.6346   20.6346

Mean lifetime(ns)   :    0.2348
Std deviation       :    0.0002

Background (counts/channel)   :     8.4854
             Std deviation    :     0.0353

Time-zero (channel no.)       :  1400.0325
             Std deviation    :     0.0260

Total area   from fit         : 5.73448E+06     from table : 5.73500E+06

######################### P o s i t r o n F i t ########################

Time for this job:     0.67 seconds.
