PALSfit - Version 3.251 26-apr-2022 - Licensed to David J Keeble
Input file: C:\Users\ftamb\Documents\GitHub\Palsfit\Batch 3\re...\260_80_20.tmp
P O S I T R O N F I T . Version 3.251     Job time 11:52:09.12 31-OCT-23
************************************************************************
00001 Untitled 11:40:12.01 31-OCT-23
Intrinsic spectrum
************************************************************************
Dataset 1

Time scale   ns/channel       :   0.005000
Area range   starts in ch     1 and ends in ch   10000
Fit range    starts in ch  1367 and ends in ch    8284

----------------- I n i t i a l    P a r a m e t e r s -----------------
Resolution function:

FWHM (ns)           :    0.2133    0.1502    0.2657
Intensities (%)     :   80.0000   10.0000   10.0000
Shifts (ns)         :    0.0000   -0.0050    0.0170

Time-zero (ch.no)   : 1405.0000G

Lifetimes (ns)      :    0.2200G   0.2600G


----------------- N o  S o u r c e  C o r r e c t i o n ----------------

####################### F i n a l  R e s u l t s #######################
Dataset 1

Convergence obtained after 17 iterations
Chi-square =      7323.10  with 6912 degrees of freedom
Reduced chi-square = chi-square/dof =    1.059  with std deviation 0.017
Significance of imperfect model =  99.97 %

Lifetimes (ns)      :    0.2122    0.2450
Std deviations      :    0.0010    0.0010

Intensities (%)     :   52.5405   47.4595
Std deviations      :    0.0298    0.0298

Mean lifetime(ns)   :    0.2278
Std deviation       :    0.0001

Background (counts/channel)   :     8.4863
             Std deviation    :     0.0352

Time-zero (channel no.)       :  1400.0323
             Std deviation    :     0.0205

Total area   from fit         : 5.73448E+06     from table : 5.73500E+06

######################### P o s i t r o n F i t ########################

Time for this job:     0.55 seconds.
