PALSfit - Version 3.251 26-apr-2022 - Licensed to David J Keeble
Input file: C:\Users\ftamb\Documents\GitHub\Palsfit\Batch 3\re...\270_50_50.tmp
P O S I T R O N F I T . Version 3.251     Job time 11:53:15.16 31-OCT-23
************************************************************************
00001 Untitled 11:41:06.87 31-OCT-23
Intrinsic spectrum
************************************************************************
Dataset 1

Time scale   ns/channel       :   0.005000
Area range   starts in ch     1 and ends in ch   10000
Fit range    starts in ch  1367 and ends in ch    8284

----------------- I n i t i a l    P a r a m e t e r s -----------------
Resolution function:

FWHM (ns)           :    0.2133    0.1502    0.2657
Intensities (%)     :   80.0000   10.0000   10.0000
Shifts (ns)         :    0.0000   -0.0050    0.0170

Time-zero (ch.no)   : 1405.0000G

Lifetimes (ns)      :    0.2200G   0.2700G


----------------- N o  S o u r c e  C o r r e c t i o n ----------------

####################### F i n a l  R e s u l t s #######################
Dataset 1

Convergence obtained after 17 iterations
Chi-square =      7402.27  with 6912 degrees of freedom
Reduced chi-square = chi-square/dof =    1.071  with std deviation 0.017
Significance of imperfect model = 100.00 %

Lifetimes (ns)      :    0.2119    0.2640
Std deviations      :    0.0109    0.0063

Intensities (%)     :   36.8251   63.1749
Std deviations      :   15.1287   15.1287

Mean lifetime(ns)   :    0.2448
Std deviation       :    0.0002

Background (counts/channel)   :     8.4839
             Std deviation    :     0.0354

Time-zero (channel no.)       :  1400.0305
             Std deviation    :     0.0249

Total area   from fit         : 5.73451E+06     from table : 5.73500E+06

######################### P o s i t r o n F i t ########################

Time for this job:     0.53 seconds.
