PALSfit - Version 3.251 26-apr-2022 - Licensed to David J Keeble
Input file: C:\Users\ftamb\Documents\GitHub\Palsfit\Batch 3\re...\280_50_50.tmp
P O S I T R O N F I T . Version 3.251     Job time 11:54:51.90 31-OCT-23
************************************************************************
00001 Untitled 11:38:29.57 31-OCT-23
Intrinsic spectrum
************************************************************************
Dataset 1

Time scale   ns/channel       :   0.005000
Area range   starts in ch     1 and ends in ch   10000
Fit range    starts in ch  1368 and ends in ch    8284

----------------- I n i t i a l    P a r a m e t e r s -----------------
Resolution function:

FWHM (ns)           :    0.2133    0.1502    0.2657
Intensities (%)     :   80.0000   10.0000   10.0000
Shifts (ns)         :    0.0000   -0.0050    0.0170

Time-zero (ch.no)   : 1405.0000G

Lifetimes (ns)      :    0.2200G   0.2800G


----------------- N o  S o u r c e  C o r r e c t i o n ----------------

####################### F i n a l  R e s u l t s #######################
Dataset 1

Convergence obtained after 15 iterations
Chi-square =      7330.13  with 6911 degrees of freedom
Reduced chi-square = chi-square/dof =    1.061  with std deviation 0.017
Significance of imperfect model =  99.98 %

Lifetimes (ns)      :    0.2142    0.2753
Std deviations      :    0.0076    0.0054

Intensities (%)     :   41.7532   58.2468
Std deviations      :   10.1400   10.1400

Mean lifetime(ns)   :    0.2498
Std deviation       :    0.0002

Background (counts/channel)   :     8.4838
             Std deviation    :     0.0355

Time-zero (channel no.)       :  1400.0311
             Std deviation    :     0.0250

Total area   from fit         : 5.73450E+06     from table : 5.73500E+06

######################### P o s i t r o n F i t ########################

Time for this job:     0.53 seconds.
