PALSfit - Version 3.251 26-apr-2022 - Licensed to David J Keeble
Input file: C:\Users\ftamb\Documents\GitHub\Palsfit\Batch 3\re...\300_50_50.tmp
P O S I T R O N F I T . Version 3.251     Job time 11:57:01.04 31-OCT-23
************************************************************************
00001 Untitled 11:33:50.12 31-OCT-23
Intrinsic spectrum
************************************************************************
Dataset 1

Time scale   ns/channel       :   0.005000
Area range   starts in ch     1 and ends in ch   10000
Fit range    starts in ch  1368 and ends in ch    8284

----------------- I n i t i a l    P a r a m e t e r s -----------------
Resolution function:

FWHM (ns)           :    0.2133    0.1502    0.2657
Intensities (%)     :   80.0000   10.0000   10.0000
Shifts (ns)         :    0.0000   -0.0050    0.0170

Time-zero (ch.no)   : 1406.0000G

Lifetimes (ns)      :    0.2200G   0.3000G


----------------- N o  S o u r c e  C o r r e c t i o n ----------------

####################### F i n a l  R e s u l t s #######################
Dataset 1

Convergence obtained after 14 iterations
Chi-square =      7387.91  with 6911 degrees of freedom
Reduced chi-square = chi-square/dof =    1.069  with std deviation 0.017
Significance of imperfect model = 100.00 %

Lifetimes (ns)      :    0.2166    0.2971
Std deviations      :    0.0046    0.0039

Intensities (%)     :   46.3604   53.6396
Std deviations      :    5.1254    5.1254

Mean lifetime(ns)   :    0.2598
Std deviation       :    0.0002

Background (counts/channel)   :     8.4826
             Std deviation    :     0.0355

Time-zero (channel no.)       :  1400.0307
             Std deviation    :     0.0249

Total area   from fit         : 5.73449E+06     from table : 5.73500E+06

######################### P o s i t r o n F i t ########################

Time for this job:     0.48 seconds.
