PALSfit - Version 3.251 26-apr-2022 - Licensed to David J Keeble
Input file: C:\Users\ftamb\Documents\GitHub\Palsfit\Batch 3\re...\310_50_50.tmp
P O S I T R O N F I T . Version 3.251     Job time 11:58:22.53 31-OCT-23
************************************************************************
00001 Untitled 11:30:17.91 31-OCT-23
Intrinsic spectrum
************************************************************************
Dataset 1

Time scale   ns/channel       :   0.005000
Area range   starts in ch     1 and ends in ch   10000
Fit range    starts in ch  1368 and ends in ch    8284

----------------- I n i t i a l    P a r a m e t e r s -----------------
Resolution function:

FWHM (ns)           :    0.2133    0.1502    0.2657
Intensities (%)     :   80.0000   10.0000   10.0000
Shifts (ns)         :    0.0000   -0.0050    0.0170

Time-zero (ch.no)   : 1406.0000G

Lifetimes (ns)      :    0.2200G   0.3100G


----------------- N o  S o u r c e  C o r r e c t i o n ----------------

####################### F i n a l  R e s u l t s #######################
Dataset 1

Convergence obtained after 13 iterations
Chi-square =      7327.58  with 6911 degrees of freedom
Reduced chi-square = chi-square/dof =    1.060  with std deviation 0.017
Significance of imperfect model =  99.97 %

Lifetimes (ns)      :    0.2173    0.3076
Std deviations      :    0.0038    0.0034

Intensities (%)     :   47.4353   52.5647
Std deviations      :    3.8812    3.8812

Mean lifetime(ns)   :    0.2648
Std deviation       :    0.0002

Background (counts/channel)   :     8.4819
             Std deviation    :     0.0356

Time-zero (channel no.)       :  1400.0302
             Std deviation    :     0.0249

Total area   from fit         : 5.73449E+06     from table : 5.73500E+06

######################### P o s i t r o n F i t ########################

Time for this job:     0.47 seconds.
