PALSfit - Version 3.251 26-apr-2022 - Licensed to David J Keeble
Input file: C:\Users\ftamb\Documents\GitHub\Palsfit\Batch 3\re...\310_80_20.tmp
P O S I T R O N F I T . Version 3.251     Job time 11:58:49.28 31-OCT-23
************************************************************************
00001 Untitled 11:29:05.75 31-OCT-23
Intrinsic spectrum
************************************************************************
Dataset 1

Time scale   ns/channel       :   0.005000
Area range   starts in ch     1 and ends in ch   10000
Fit range    starts in ch  1367 and ends in ch    8284

----------------- I n i t i a l    P a r a m e t e r s -----------------
Resolution function:

FWHM (ns)           :    0.2133    0.1502    0.2657
Intensities (%)     :   80.0000   10.0000   10.0000
Shifts (ns)         :    0.0000   -0.0050    0.0170

Time-zero (ch.no)   : 1405.0000G

Lifetimes (ns)      :    0.2200G   0.3100G


----------------- N o  S o u r c e  C o r r e c t i o n ----------------

####################### F i n a l  R e s u l t s #######################
Dataset 1

Convergence obtained after 7 iterations
Chi-square =      7358.47  with 6912 degrees of freedom
Reduced chi-square = chi-square/dof =    1.065  with std deviation 0.017
Significance of imperfect model =  99.99 %

Lifetimes (ns)      :    0.2188    0.3069
Std deviations      :    0.0021    0.0075

Intensities (%)     :   78.4853   21.5147
Std deviations      :    3.6092    3.6092

Mean lifetime(ns)   :    0.2378
Std deviation       :    0.0001

Background (counts/channel)   :     8.4849
             Std deviation    :     0.0355

Time-zero (channel no.)       :  1400.0323
             Std deviation    :     0.0226

Total area   from fit         : 5.73446E+06     from table : 5.73500E+06

######################### P o s i t r o n F i t ########################

Time for this job:     0.33 seconds.
