PALSfit - Version 3.251 26-apr-2022 - Licensed to David J Keeble
Input file: C:\Users\ftamb\Documents\GitHub\Palsfit\Batch 3\re...\320_80_20.pfc
P O S I T R O N F I T . Version 3.251     Job time 15:30:51.45 30-DEC-23
************************************************************************
00001 Untitled 20:59:30.54 29-DEC-23
Intrinsic spectrum
************************************************************************
Dataset 1

Time scale   ns/channel       :   0.005000
Area range   starts in ch     1 and ends in ch   10000
Fit range    starts in ch  1367 and ends in ch    8284

----------------- I n i t i a l    P a r a m e t e r s -----------------
Resolution function:

FWHM (ns)           :    0.2133    0.1502    0.2657
Intensities (%)     :   80.0000   10.0000   10.0000
Shifts (ns)         :    0.0000   -0.0050    0.0170

Time-zero (ch.no)   : 1405.0000G

Lifetimes (ns)      :    0.2200G   0.3200G


----------------- N o  S o u r c e  C o r r e c t i o n ----------------

####################### F i n a l  R e s u l t s #######################
Dataset 1

Convergence obtained after 6 iterations
Chi-square =      7383.81  with 6912 degrees of freedom
Reduced chi-square = chi-square/dof =    1.068  with std deviation 0.017
Significance of imperfect model = 100.00 %

Lifetimes (ns)      :    0.2190    0.3177
Std deviations      :    0.0018    0.0065

Intensities (%)     :   78.9705   21.0295
Std deviations      :    2.7156    2.7156

Mean lifetime(ns)   :    0.2398
Std deviation       :    0.0001

Background (counts/channel)   :     8.4850
             Std deviation    :     0.0356

Time-zero (channel no.)       :  1400.0331
             Std deviation    :     0.0224

Total area   from fit         : 5.73444E+06     from table : 5.73500E+06

######################### P o s i t r o n F i t ########################

Time for this job:     0.30 seconds.
