
 *****************************************************************
 Parameters used in spectrum generation with header:
 Untitled

 Next spectrum number:                1
 Number of spectrum channels:     10000

 Resolution function
 Fwhm(ns):                   0.20360   0.30220   0.15730
 Intensities(%):            60.00000  30.00000  10.00000
 Shifts(ns):                 0.00000   0.02030  -0.08470

 Lifetime components
 Lifetimes(ns):              0.18000   0.27000
 Intensities(%):            20.00000  80.00000

 Background:                 0.50000

 Time-zero channel:       3000.00000

 Time scale (ns/ch):         0.00300

 Input area without backgr:      1.0000000E+07

 Initial random number:        10000

 Input area with background:     1.0005000E+07

 Number of generated spectra:                1
 -----------------------------------------------------------------

 Generating spectrum no.    1. with initial random number: 10000
00001 Untitled 17:30:33.91 11-APR-24
