PALSfit - Version 3.251 26-apr-2022 - Licensed to David J Keeble
Input file: C:\Users\ftamb\Documents\GitHub\Palsfit\Batch 6\50-50.tmp
P O S I T R O N F I T . Version 3.251     Job time 14:41:13.08 26-JAN-24
************************************************************************
00001 Untitled 14:14:30.77 26-JAN-24
Intrinsic spectrum
************************************************************************
Dataset 1

Time scale   ns/channel       :   0.003000
Area range   starts in ch     1 and ends in ch   10000
Fit range    starts in ch  2940 and ends in ch    8609

----------------- I n i t i a l    P a r a m e t e r s -----------------
Resolution function:

FWHM (ns)           :    0.2036    0.3022    0.1573
Intensities (%)     :   60.0000   30.0000   10.0000
Shifts (ns)         :    0.0000    0.0203   -0.0847

Time-zero (ch.no)   : 3011.0000G

Lifetimes (ns)      :    0.3700G   0.4420G   2.6000G


----------------- N o  S o u r c e  C o r r e c t i o n ----------------

####################### F i n a l  R e s u l t s #######################
Dataset 1

Convergence obtained after 20 iterations
Chi-square =      4652.80  with 5662 degrees of freedom
Reduced chi-square = chi-square/dof =    0.822  with std deviation 0.019
Significance of imperfect model =   0.00 %

Lifetimes (ns)      :    0.3728    0.4423    2.4116
Std deviations      :    0.0193    0.0230    0.1579

Intensities (%)     :   52.3402   47.4949    0.1650
Std deviations      :   29.9792   29.9686    0.0149

Mean lifetime(ns)   :    0.4092
Std deviation       :    0.0002

Background (counts/channel)   :     0.5297
             Std deviation    :     0.0335

Time-zero (channel no.)       :  3000.0009
             Std deviation    :     0.0359

Total area   from fit         : 1.00052E+07     from table : 1.00050E+07

######################### P o s i t r o n F i t ########################

Time for this job:     1.00 seconds.
