PALSfit - Version 3.251 26-apr-2022 - Licensed to David J Keeble
Input file: C:\Users\ftamb\Documents\GitHub\Palsfit\Batch 6\80-20_02.tmp
P O S I T R O N F I T . Version 3.251     Job time 15:14:45.18 26-JAN-24
************************************************************************
00001 Untitled 14:14:45.58 26-JAN-24
Intrinsic spectrum
************************************************************************
Dataset 1

Time scale   ns/channel       :   0.003000
Area range   starts in ch     1 and ends in ch   10000
Fit range    starts in ch  2940 and ends in ch    8609

----------------- I n i t i a l    P a r a m e t e r s -----------------
Resolution function:

FWHM (ns)           :    0.2036    0.3022    0.1573
Intensities (%)     :   60.0000   30.0000   10.0000
Shifts (ns)         :    0.0000    0.0203   -0.0847

Time-zero (ch.no)   : 3010.0000G

Lifetimes (ns)      :    0.3700G   0.4420G   2.6000G


----------------- N o  S o u r c e  C o r r e c t i o n ----------------

####################### F i n a l  R e s u l t s #######################
Dataset 1

Convergence obtained after 14 iterations
Chi-square =      4649.41  with 5662 degrees of freedom
Reduced chi-square = chi-square/dof =    0.821  with std deviation 0.019
Significance of imperfect model =   0.00 %

Lifetimes (ns)      :    0.3701    0.4381    2.4651
Std deviations      :    0.0123    0.0499    0.1570

Intensities (%)     :   79.0015   20.8387    0.1598
Std deviations      :   29.2774   29.2678    0.0133

Mean lifetime(ns)   :    0.3876
Std deviation       :    0.0002

Background (counts/channel)   :     0.5235
             Std deviation    :     0.0337

Time-zero (channel no.)       :  3000.0050
             Std deviation    :     0.0346

Total area   from fit         : 1.00053E+07     from table : 1.00050E+07

######################### P o s i t r o n F i t ########################

Time for this job:     0.75 seconds.
