PALSfit - Version 3.251 26-apr-2022 - Licensed to David J Keeble
Input file: C:\Users\ftamb\Documents\GitHub\Palsfit\Batch 6\99,5-1,5_02.tmp

Iteration cycle no  1
 Sign excursion

P O S I T R O N F I T . Version 3.251     Job time 15:28:26.25 26-JAN-24
************************************************************************
00001 Untitled 14:15:09.65 26-JAN-24
Intrinsic spectrum
************************************************************************
Dataset 1

Time scale   ns/channel       :   0.003000
Area range   starts in ch     1 and ends in ch   10000
Fit range    starts in ch  2940 and ends in ch    8609

----------------- I n i t i a l    P a r a m e t e r s -----------------
Resolution function:

FWHM (ns)           :    0.2036    0.3022    0.1573
Intensities (%)     :   60.0000   30.0000   10.0000
Shifts (ns)         :    0.0000    0.0203   -0.0847

Time-zero (ch.no)   : 3009.0000G

Lifetimes (ns)      :    0.3700G   0.4420G   2.6000G


----------------- N o  S o u r c e  C o r r e c t i o n ----------------

####################### F i n a l  R e s u l t s #######################
Dataset 1

Convergence obtained after 22 iterations
Chi-square =      4688.53  with 5662 degrees of freedom
Reduced chi-square = chi-square/dof =    0.828  with std deviation 0.019
Significance of imperfect model =   0.00 %

Lifetimes (ns)      :    0.3703    2.0438    2.0413
Std deviations      :    0.0002    0.0005    0.0002

Intensities (%)     :   99.8549  -27.4806   27.6257
Std deviations      :    0.0095    0.0123    0.0091

Mean lifetime(ns)   :    0.3721
Std deviation       :    0.0002

Background (counts/channel)   :     0.5337
             Std deviation    :     0.0255

Time-zero (channel no.)       :  3000.0085
             Std deviation    :     0.0274

Total area   from fit         : 1.00053E+07     from table : 1.00050E+07

######################### P o s i t r o n F i t ########################

Time for this job:     1.12 seconds.
