PALSfit3 called with parameter: C:\Users\ftamb\Documents\GitHub\Palsfit\Batch 8\313.pfc and options:           
PALSfit3 loading control file: C:\Users\ftamb\Documents\GitHub\Palsfit\Batch 8\313.pfc
Controlfile[1]=
Controlfile[2]=
Controlfile[3]=
Controlfile[4]=
Controlfile[5]=
Controlfile[6]=
Controlfile[7]=
Controlfile[8]=
POSITRONFIT control file: C:\Users\ftamb\Documents\GitHub\Palsfit\Batch 8\313.pfc loaded
POSITRONFIT control file: C:\Users\ftamb\Documents\GitHub\Palsfit\Batch 8\313.pfc loaded at startup
Controlfile[1]=C:\Users\ftamb\Documents\GitHub\Palsfit\Batch 8\313.pfc
Controlfile[2]=
Controlfile[3]=
Controlfile[4]=
Controlfile[5]=
Controlfile[6]=
Controlfile[7]=
Controlfile[8]=
POSITRONFIT control file: C:\Users\ftamb\Documents\GitHub\Palsfit\Batch 8\313.pfc loaded
 Analyzing C:\Users\ftamb\Documents\GitHub\Palsfit\Batch 8\313.pfc
12:39:51.27 20-FEB-24 - 00001 Untitled 12:39:07.68 20-FEB-24
12:39:51.27 20-FEB-24 - 00001 Untitled 12:39:07.68 20-FEB-24
Controlfile[1]=C:\Users\ftamb\Documents\GitHub\Palsfit\Batch 8\313.pfc
Controlfile[2]=
Controlfile[3]=
Controlfile[4]=
Controlfile[5]=
Controlfile[6]=
Controlfile[7]=
Controlfile[8]=
