PALSfit - Version 3.251 26-apr-2022 - Licensed to David Keeble
Input file: H:\PALSfit3\Nov 2022\master_02.tmp
P O S I T R O N F I T . Version 3.251     Job time 23:53:05.09 22-NOV-22
************************************************************************
00001 Untitled 21:38:18.69 22-NOV-22
Intrinsic spectrum
************************************************************************
Dataset 1

Time scale   ns/channel       :   0.005000
Area range   starts in ch     1 and ends in ch   10000
Fit range    starts in ch  1367 and ends in ch    8283

----------------- I n i t i a l    P a r a m e t e r s -----------------
Resolution function:

FWHM (ns)           :    0.2132    0.1502    0.2657
Intensities (%)     :   80.0000   10.0000   10.0000
Shifts (ns)         :    0.0000   -0.0050    0.0170

Time-zero (ch.no)   : 1404.0000G

Lifetimes (ns)      :    0.1000G   0.5000G


----------------- N o  S o u r c e  C o r r e c t i o n ----------------

####################### F i n a l  R e s u l t s #######################
Dataset 1

Convergence obtained after 25 iterations
Chi-square =      7403.88  with 6911 degrees of freedom
Reduced chi-square = chi-square/dof =    1.071  with std deviation 0.017
Significance of imperfect model = 100.00 %

Lifetimes (ns)      :    0.1740    0.2147
Std deviations      :    0.0112    0.0056

Intensities (%)     :   34.2729   65.7271
Std deviations      :   18.3162   18.3162

Mean lifetime(ns)   :    0.2008
Std deviation       :    0.0001

Background (counts/channel)   :     8.4856
             Std deviation    :     0.0352

Time-zero (channel no.)       :  1400.0331
             Std deviation    :     0.0251

Total area   from fit         : 5.73449E+06     from table : 5.73500E+06

######################### P o s i t r o n F i t ########################

Time for this job:     0.61 seconds.
