PALSfit - Version 3.251 26-apr-2022 - Licensed to David Keeble
Input file: H:\PALSfit3\Project\Batch 5\BG 3x\180_80_20.pfc
P O S I T R O N F I T . Version 3.251     Job time 03:12:18.62 21-NOV-23
************************************************************************
00001 Untitled 02:59:49.13 21-NOV-23
Intrinsic spectrum
************************************************************************
Dataset 1

Time scale   ns/channel       :   0.005000
Area range   starts in ch     1 and ends in ch   10000
Fit range    starts in ch  1367 and ends in ch    8283

----------------- I n i t i a l    P a r a m e t e r s -----------------
Resolution function:

FWHM (ns)           :    0.2100
Intensities (%)     :  100.0000
Shifts (ns)         :    0.0000

Time-zero (ch.no)   : 1403.0000G

Lifetimes (ns)      :    0.1500G   0.1800G


----------------- N o  S o u r c e  C o r r e c t i o n ----------------

####################### F i n a l  R e s u l t s #######################
Dataset 1

Convergence obtained after 13 iterations
Chi-square =      6942.00  with 6911 degrees of freedom
Reduced chi-square = chi-square/dof =    1.004  with std deviation 0.017
Significance of imperfect model =  60.60 %

Lifetimes (ns)      :    0.1462    0.1715
Std deviations      :    0.0051    0.0076

Intensities (%)     :   61.3793   38.6207
Std deviations      :   23.6502   23.6502

Mean lifetime(ns)   :    0.1560
Std deviation       :    0.0001

Background (counts/channel)   :    25.5571
             Std deviation    :     0.0621

Time-zero (channel no.)       :  1400.0060
             Std deviation    :     0.0138

Total area   from fit         : 1.72050E+07     from table : 1.72050E+07

######################### P o s i t r o n F i t ########################

Time for this job:     0.19 seconds.
