PALSfit - Version 3.251 26-apr-2022 - Licensed to David Keeble
Input file: H:\PALSfit3\Project\Batch 5\BG 3x\200_20_80.pfc
P O S I T R O N F I T . Version 3.251     Job time 03:16:13.57 21-NOV-23
************************************************************************
00001 Untitled 03:05:13.09 21-NOV-23
Intrinsic spectrum
************************************************************************
Dataset 1

Time scale   ns/channel       :   0.005000
Area range   starts in ch     1 and ends in ch   10000
Fit range    starts in ch  1367 and ends in ch    8284

----------------- I n i t i a l    P a r a m e t e r s -----------------
Resolution function:

FWHM (ns)           :    0.2100
Intensities (%)     :  100.0000
Shifts (ns)         :    0.0000

Time-zero (ch.no)   : 1404.0000G

Lifetimes (ns)      :    0.1500G   0.2000G


----------------- N o  S o u r c e  C o r r e c t i o n ----------------

####################### F i n a l  R e s u l t s #######################
Dataset 1

Convergence obtained after 10 iterations
Chi-square =      6962.60  with 6912 degrees of freedom
Reduced chi-square = chi-square/dof =    1.007  with std deviation 0.017
Significance of imperfect model =  66.82 %

Lifetimes (ns)      :    0.1495    0.2001
Std deviations      :    0.0060    0.0014

Intensities (%)     :   19.9560   80.0440
Std deviations      :    4.4998    4.4998

Mean lifetime(ns)   :    0.1900
Std deviation       :    0.0001

Background (counts/channel)   :    25.5512
             Std deviation    :     0.0623

Time-zero (channel no.)       :  1399.9967
             Std deviation    :     0.0154

Total area   from fit         : 1.72054E+07     from table : 1.72050E+07

######################### P o s i t r o n F i t ########################

Time for this job:     0.14 seconds.
