PALSfit - Version 3.251 26-apr-2022 - Licensed to David Keeble
Input file: H:\PALSfit3\Project\Batch 5\BG 3x\200_50_50.pfc
P O S I T R O N F I T . Version 3.251     Job time 03:27:45.56 21-NOV-23
************************************************************************
00001 Untitled 03:08:15.43 21-NOV-23
Intrinsic spectrum
************************************************************************
Dataset 1

Time scale   ns/channel       :   0.005000
Area range   starts in ch     1 and ends in ch   10000
Fit range    starts in ch  1367 and ends in ch    8283

----------------- I n i t i a l    P a r a m e t e r s -----------------
Resolution function:

FWHM (ns)           :    0.2100
Intensities (%)     :  100.0000
Shifts (ns)         :    0.0000

Time-zero (ch.no)   : 1403.0000G

Lifetimes (ns)      :    0.1500G   0.2000G


----------------- N o  S o u r c e  C o r r e c t i o n ----------------

####################### F i n a l  R e s u l t s #######################
Dataset 1

Convergence obtained after 13 iterations
Chi-square =      6959.13  with 6911 degrees of freedom
Reduced chi-square = chi-square/dof =    1.007  with std deviation 0.017
Significance of imperfect model =  66.06 %

Lifetimes (ns)      :    0.1484    0.1989
Std deviations      :    0.0023    0.0019

Intensities (%)     :   47.4564   52.5436
Std deviations      :    4.0752    4.0752

Mean lifetime(ns)   :    0.1750
Std deviation       :    0.0001

Background (counts/channel)   :    25.5557
             Std deviation    :     0.0623

Time-zero (channel no.)       :  1400.0032
             Std deviation    :     0.0142

Total area   from fit         : 1.72051E+07     from table : 1.72050E+07

######################### P o s i t r o n F i t ########################

Time for this job:     0.17 seconds.
