PALSfit - Version 3.251 26-apr-2022 - Licensed to David Keeble
Input file: H:\PALSfit3\Project\Batch 5\BG 3x\210_80_20.tmp
P O S I T R O N F I T . Version 3.251     Job time 03:21:05.58 21-NOV-23
************************************************************************
00001 Untitled 02:58:48.27 21-NOV-23
Intrinsic spectrum
************************************************************************
Dataset 1

Time scale   ns/channel       :   0.005000
Area range   starts in ch     1 and ends in ch   10000
Fit range    starts in ch  1367 and ends in ch    8283

----------------- I n i t i a l    P a r a m e t e r s -----------------
Resolution function:

FWHM (ns)           :    0.2100
Intensities (%)     :  100.0000
Shifts (ns)         :    0.0000

Time-zero (ch.no)   : 1403.0000G

Lifetimes (ns)      :    0.1500G   0.2100G


----------------- N o  S o u r c e  C o r r e c t i o n ----------------

####################### F i n a l  R e s u l t s #######################
Dataset 1

Convergence obtained after 6 iterations
Chi-square =      6916.14  with 6911 degrees of freedom
Reduced chi-square = chi-square/dof =    1.001  with std deviation 0.017
Significance of imperfect model =  51.97 %

Lifetimes (ns)      :    0.1490    0.2072
Std deviations      :    0.0010    0.0032

Intensities (%)     :   77.7706   22.2294
Std deviations      :    2.4901    2.4901

Mean lifetime(ns)   :    0.1620
Std deviation       :    0.0001

Background (counts/channel)   :    25.5607
             Std deviation    :     0.0623

Time-zero (channel no.)       :  1400.0055
             Std deviation    :     0.0129

Total area   from fit         : 1.72051E+07     from table : 1.72050E+07

######################### P o s i t r o n F i t ########################

Time for this job:     0.16 seconds.
