PALSfit - Version 3.251 26-apr-2022 - Licensed to David J Keeble
Input file: 
C:\Users\ftamb\Documents\GitHub\Palsfit\Batch 2\180_260\20_80\t260_20_80.tmp
P O S I T R O N F I T . Version 3.251     Job time 15:25:07.47 28-NOV-22
************************************************************************
00001 Untitled 13:06:00.02 27-NOV-22
Intrinsic spectrum
************************************************************************
Dataset 1

Time scale   ns/channel       :   0.005000
Area range   starts in ch     1 and ends in ch   10000
Fit range    starts in ch  1369 and ends in ch    8284

----------------- I n i t i a l    P a r a m e t e r s -----------------
Resolution function:

FWHM (ns)           :    0.2130    0.1500    0.2650
Intensities (%)     :   80.0000   10.0000   10.0000
Shifts (ns)         :    0.0000   -0.0050    0.0170

Time-zero (ch.no)   : 1405.0000G

Lifetimes (ns)      :    0.1000G   0.5000G


----------------- N o  S o u r c e  C o r r e c t i o n ----------------

####################### F i n a l  R e s u l t s #######################
Dataset 1

Convergence obtained after 18 iterations
Chi-square =      7494.13  with 6910 degrees of freedom
Reduced chi-square = chi-square/dof =    1.085  with std deviation 0.017
Significance of imperfect model = 100.00 %

Lifetimes (ns)      :    0.1852    0.2613
Std deviations      :    0.0081    0.0023

Intensities (%)     :   21.9797   78.0203
Std deviations      :    4.5262    4.5262

Mean lifetime(ns)   :    0.2446
Std deviation       :    0.0002

Background (counts/channel)   :     8.5010
             Std deviation    :     0.0354

Time-zero (channel no.)       :  1400.0039
             Std deviation    :     0.0271

Total area   from fit         : 5.73468E+06     from table : 5.73500E+06

######################### P o s i t r o n F i t ########################

Time for this job:     0.55 seconds.
