PALSfit - Version 3.251 26-apr-2022 - Licensed to David J Keeble
Input file: C:\Users\ftamb\Documents\GitHub\Palsfit\Batch 3\si...\180_20_80.tmp
P O S I T R O N F I T . Version 3.251     Job time 01:19:28.88 24-FEB-23
************************************************************************
00001 Untitled 00:48:11.35 24-FEB-23
Intrinsic spectrum
************************************************************************
Dataset 1

Time scale   ns/channel       :   0.005000
Area range   starts in ch     1 and ends in ch   10000
Fit range    starts in ch  1386 and ends in ch    8282

----------------- I n i t i a l    P a r a m e t e r s -----------------
Resolution function:

FWHM (ns)           :    0.1000
Intensities (%)     :  100.0000
Shifts (ns)         :    0.0000

Time-zero (ch.no)   : 1404.0000G

Lifetimes (ns)      :    0.1500G   0.1800G


----------------- N o  S o u r c e  C o r r e c t i o n ----------------

####################### F i n a l  R e s u l t s #######################
Dataset 1

Convergence obtained after 23 iterations
Chi-square =      7373.73  with 6891 degrees of freedom
Reduced chi-square = chi-square/dof =    1.070  with std deviation 0.017
Significance of imperfect model = 100.00 %

Lifetimes (ns)      :    0.1516    0.1805
Std deviations      :    0.0171    0.0050

Intensities (%)     :   22.7606   77.2394
Std deviations      :   26.6672   26.6672

Mean lifetime(ns)   :    0.1739
Std deviation       :    0.0001

Background (counts/channel)   :     8.4845
             Std deviation    :     0.0350

Time-zero (channel no.)       :  1400.0086
             Std deviation    :     0.0125

Total area   from fit         : 5.73463E+06     from table : 5.73500E+06

######################### P o s i t r o n F i t ########################

Time for this job:     0.38 seconds.
