PALSfit - Version 3.251 26-apr-2022 - Licensed to David J Keeble
Input file: C:\Users\ftamb\Documents\GitHub\Palsfit\Batch 3...\180_20_80_01.tmp
P O S I T R O N F I T . Version 3.251     Job time 15:48:39.44 14-NOV-23
************************************************************************
00001 Untitled 00:48:11.35 24-FEB-23
Intrinsic spectrum
************************************************************************
Dataset 1

Time scale   ns/channel       :   0.005000
Area range   starts in ch     1 and ends in ch   10000
Fit range    starts in ch  1386 and ends in ch    8282

----------------- I n i t i a l    P a r a m e t e r s -----------------
Resolution function:

FWHM (ns)           :    0.1000
Intensities (%)     :  100.0000
Shifts (ns)         :    0.0000

Time-zero (ch.no)   : 1404.0000G

Lifetimes (ns)      :    0.1500G   0.1800G   2.0000G


----------------- N o  S o u r c e  C o r r e c t i o n ----------------

####################### F i n a l  R e s u l t s #######################
Dataset 1

Convergence obtained after 29 iterations
Chi-square =      7373.53  with 6889 degrees of freedom
Reduced chi-square = chi-square/dof =    1.070  with std deviation 0.017
Significance of imperfect model = 100.00 %

Lifetimes (ns)      :    0.1478    0.1795    1.3726
Std deviations      :    0.0230    0.0052    5.9957

Intensities (%)     :   17.4933   82.5044    0.0022
Std deviations      :   25.9852   25.9790    0.0098

Mean lifetime(ns)   :    0.1739
Std deviation       :    0.0001

Background (counts/channel)   :     8.4798
             Std deviation    :     0.0383

Time-zero (channel no.)       :  1400.0093
             Std deviation    :     0.0129

Total area   from fit         : 5.73462E+06     from table : 5.73500E+06

######################### P o s i t r o n F i t ########################

Time for this job:     0.55 seconds.
