PALSfit - Version 3.251 26-apr-2022 - Licensed to David J Keeble
Input file: C:\Users\ftamb\Documents\GitHub\Palsfit\Batch 3\si...\190_50_50.tmp
P O S I T R O N F I T . Version 3.251     Job time 01:21:56.92 24-FEB-23
************************************************************************
00001 Untitled 00:51:55.67 24-FEB-23
Intrinsic spectrum
************************************************************************
Dataset 1

Time scale   ns/channel       :   0.005000
Area range   starts in ch     1 and ends in ch   10000
Fit range    starts in ch  1386 and ends in ch    8282

----------------- I n i t i a l    P a r a m e t e r s -----------------
Resolution function:

FWHM (ns)           :    0.1000
Intensities (%)     :  100.0000
Shifts (ns)         :    0.0000

Time-zero (ch.no)   : 1404.0000G

Lifetimes (ns)      :    0.1500G   0.1900G


----------------- N o  S o u r c e  C o r r e c t i o n ----------------

####################### F i n a l  R e s u l t s #######################
Dataset 1

Convergence obtained after 18 iterations
Chi-square =      7345.43  with 6891 degrees of freedom
Reduced chi-square = chi-square/dof =    1.066  with std deviation 0.017
Significance of imperfect model =  99.99 %

Lifetimes (ns)      :    0.1495    0.1897
Std deviations      :    0.0042    0.0041

Intensities (%)     :   49.2936   50.7064
Std deviations      :   10.2147   10.2147

Mean lifetime(ns)   :    0.1699
Std deviation       :    0.0001

Background (counts/channel)   :     8.4849
             Std deviation    :     0.0350

Time-zero (channel no.)       :  1400.0107
             Std deviation    :     0.0121

Total area   from fit         : 5.73462E+06     from table : 5.73500E+06

######################### P o s i t r o n F i t ########################

Time for this job:     0.31 seconds.
