PALSfit - Version 3.251 26-apr-2022 - Licensed to David J Keeble
Input file: C:\Users\ftamb\Documents\GitHub\Palsfit\Batch 3\si...\200_50_50.tmp
P O S I T R O N F I T . Version 3.251     Job time 01:23:12.59 24-FEB-23
************************************************************************
00001 Untitled 00:52:23.18 24-FEB-23
Intrinsic spectrum
************************************************************************
Dataset 1

Time scale   ns/channel       :   0.005000
Area range   starts in ch     1 and ends in ch   10000
Fit range    starts in ch  1386 and ends in ch    8282

----------------- I n i t i a l    P a r a m e t e r s -----------------
Resolution function:

FWHM (ns)           :    0.1000
Intensities (%)     :  100.0000
Shifts (ns)         :    0.0000

Time-zero (ch.no)   : 1404.0000G

Lifetimes (ns)      :    0.1500G   0.2000G


----------------- N o  S o u r c e  C o r r e c t i o n ----------------

####################### F i n a l  R e s u l t s #######################
Dataset 1

Convergence obtained after 16 iterations
Chi-square =      7401.34  with 6891 degrees of freedom
Reduced chi-square = chi-square/dof =    1.074  with std deviation 0.017
Significance of imperfect model = 100.00 %

Lifetimes (ns)      :    0.1493    0.1994
Std deviations      :    0.0030    0.0029

Intensities (%)     :   48.8848   51.1152
Std deviations      :    5.7835    5.7835

Mean lifetime(ns)   :    0.1749
Std deviation       :    0.0001

Background (counts/channel)   :     8.4845
             Std deviation    :     0.0350

Time-zero (channel no.)       :  1400.0125
             Std deviation    :     0.0122

Total area   from fit         : 5.73458E+06     from table : 5.73500E+06

######################### P o s i t r o n F i t ########################

Time for this job:     0.36 seconds.
