PALSfit - Version 3.251 26-apr-2022 - Licensed to David J Keeble
Input file: C:\Users\ftamb\Documents\GitHub\Palsfit\Batch 3\si...\200_20_80.tmp
P O S I T R O N F I T . Version 3.251     Job time 01:22:47.55 24-FEB-23
************************************************************************
00001 Untitled 00:47:22.25 24-FEB-23
Intrinsic spectrum
************************************************************************
Dataset 1

Time scale   ns/channel       :   0.005000
Area range   starts in ch     1 and ends in ch   10000
Fit range    starts in ch  1386 and ends in ch    8282

----------------- I n i t i a l    P a r a m e t e r s -----------------
Resolution function:

FWHM (ns)           :    0.1000
Intensities (%)     :  100.0000
Shifts (ns)         :    0.0000

Time-zero (ch.no)   : 1404.0000G

Lifetimes (ns)      :    0.1500G   0.2000G


----------------- N o  S o u r c e  C o r r e c t i o n ----------------

####################### F i n a l  R e s u l t s #######################
Dataset 1

Convergence obtained after 15 iterations
Chi-square =      7380.13  with 6891 degrees of freedom
Reduced chi-square = chi-square/dof =    1.071  with std deviation 0.017
Significance of imperfect model = 100.00 %

Lifetimes (ns)      :    0.1505    0.2002
Std deviations      :    0.0079    0.0021

Intensities (%)     :   20.6382   79.3618
Std deviations      :    6.5637    6.5637

Mean lifetime(ns)   :    0.1899
Std deviation       :    0.0001

Background (counts/channel)   :     8.4834
             Std deviation    :     0.0351

Time-zero (channel no.)       :  1400.0092
             Std deviation    :     0.0130

Total area   from fit         : 5.73463E+06     from table : 5.73500E+06

######################### P o s i t r o n F i t ########################

Time for this job:     0.31 seconds.
