
 *****************************************************************
 Parameters used in spectrum generation with header:
 Untitled

 Next spectrum number:                1
 Number of spectrum channels:     10000

 Resolution function
 Fwhm(ns):                   0.18000
 Intensities(%):           100.00000
 Shifts(ns):                 0.00000

 Lifetime components
 Lifetimes(ns):              0.15000   0.23000
 Intensities(%):            80.00000  20.00000

 Background:                 8.50000

 Time-zero channel:       1400.00000

 Time scale (ns/ch):         0.00500

 Input area without backgr:      5.6500000E+06

 Initial random number:            2

 Input area with background:     5.7350000E+06

 Number of generated spectra:                1
 -----------------------------------------------------------------

 Generating spectrum no.    1. with initial random number: 2
00001 Untitled 00:30:04.51 24-FEB-23
