PALSfit - Version 3.251 26-apr-2022 - Licensed to David Keeble
Input file: H:\PALSfit3\Nov 2022\180_220_80_20\180_220_80_20.tmp
P O S I T R O N F I T . Version 3.251     Job time 20:35:34.30 22-NOV-22
************************************************************************
00001 Untitled 20:21:23.47 22-NOV-22
in file: .\180_220_80_20.dat
************************************************************************
Dataset 1

Time scale   ns/channel       :   0.005000
Area range   starts in ch     1 and ends in ch   10000
Fit range    starts in ch   100 and ends in ch   10000

----------------- I n i t i a l    P a r a m e t e r s -----------------
Resolution function:

FWHM (ns)           :    0.2132    0.1502    0.2657
Intensities (%)     :   80.0000   10.0000   10.0000
Shifts (ns)         :    0.0000   -0.0050    0.0170

Time-zero (ch.no)   : 1400.0000G

Lifetimes (ns)      :    0.1000G   0.5000G


----------------- N o  S o u r c e  C o r r e c t i o n ----------------

####################### F i n a l  R e s u l t s #######################
Dataset 1

Convergence obtained after 31 iterations
Chi-square =     10562.13  with 9895 degrees of freedom
Reduced chi-square = chi-square/dof =    1.067  with std deviation 0.014
Significance of imperfect model = 100.00 %

Lifetimes (ns)      :    0.1652    0.1968
Std deviations      :    0.0237    0.0066

Intensities (%)     :   22.3057   77.6943
Std deviations      :   32.7226   32.7226

Mean lifetime(ns)   :    0.1897
Std deviation       :    0.0001

Background (counts/channel)   :     8.4992
             Std deviation    :     0.0291

Time-zero (channel no.)       :  1400.0134
             Std deviation    :     0.0239

Total area   from fit         : 5.73492E+06     from table : 5.73500E+06

######################### P o s i t r o n F i t ########################

Time for this job:     0.70 seconds.
