PALSfit - Version 3.251 26-apr-2022 - Licensed to David J Keeble
Input file: 
C:\Users\ftamb\Documents\GitHub\Palsfit\Batch 4\210ps FWHM\TD190\19.tmp
P O S I T R O N F I T . Version 3.251     Job time 03:29:02.12 13-MAR-23
************************************************************************
00001 Untitled 02:12:39.77 13-MAR-23
Intrinsic spectrum
************************************************************************
Dataset 1

Time scale   ns/channel       :   0.005000
Area range   starts in ch     1 and ends in ch   10000
Fit range    starts in ch  1366 and ends in ch    8283

----------------- I n i t i a l    P a r a m e t e r s -----------------
Resolution function:

FWHM (ns)           :    0.2100
Intensities (%)     :  100.0000
Shifts (ns)         :    0.0000

Time-zero (ch.no)   : 1403.0000G

Lifetimes (ns)      :    0.0518G   0.1900G


----------------- N o  S o u r c e  C o r r e c t i o n ----------------

####################### F i n a l  R e s u l t s #######################
Dataset 1

Convergence obtained after 6 iterations
Chi-square =      7397.51  with 6912 degrees of freedom
Reduced chi-square = chi-square/dof =    1.070  with std deviation 0.017
Significance of imperfect model = 100.00 %

Lifetimes (ns)      :    0.0522    0.1901
Std deviations      :    0.0024    0.0002

Intensities (%)     :   10.1766   89.8234
Std deviations      :    0.2019    0.2019

Mean lifetime(ns)   :    0.1760
Std deviation       :    0.0003

Background (counts/channel)   :     8.4846
             Std deviation    :     0.0350

Time-zero (channel no.)       :  1400.0221
             Std deviation    :     0.0627

Total area   from fit         : 5.73451E+06     from table : 5.73500E+06

######################### P o s i t r o n F i t ########################

Time for this job:     0.30 seconds.
