PALSfit - Version 3.251 26-apr-2022 - Licensed to David J Keeble
Input file: 
C:\Users\ftamb\Documents\GitHub\Palsfit\Batch 4\210ps FWHM\TD190\73.tmp
P O S I T R O N F I T . Version 3.251     Job time 03:32:19.06 13-MAR-23
************************************************************************
00001 Untitled 02:09:19.70 13-MAR-23
Intrinsic spectrum
************************************************************************
Dataset 1

Time scale   ns/channel       :   0.005000
Area range   starts in ch     1 and ends in ch   10000
Fit range    starts in ch  1367 and ends in ch    8283

----------------- I n i t i a l    P a r a m e t e r s -----------------
Resolution function:

FWHM (ns)           :    0.2100
Intensities (%)     :  100.0000
Shifts (ns)         :    0.0000

Time-zero (ch.no)   : 1403.0000G

Lifetimes (ns)      :    0.1376G   0.1900G


----------------- N o  S o u r c e  C o r r e c t i o n ----------------

####################### F i n a l  R e s u l t s #######################
Dataset 1

Convergence obtained after 10 iterations
Chi-square =      7394.39  with 6911 degrees of freedom
Reduced chi-square = chi-square/dof =    1.070  with std deviation 0.017
Significance of imperfect model = 100.00 %

Lifetimes (ns)      :    0.1373    0.1903
Std deviations      :    0.0020    0.0042

Intensities (%)     :   70.0882   29.9118
Std deviations      :    4.7978    4.7978

Mean lifetime(ns)   :    0.1532
Std deviation       :    0.0001

Background (counts/channel)   :     8.4852
             Std deviation    :     0.0350

Time-zero (channel no.)       :  1400.0228
             Std deviation    :     0.0230

Total area   from fit         : 5.73446E+06     from table : 5.73500E+06

######################### P o s i t r o n F i t ########################

Time for this job:     0.38 seconds.
