PALSfit - Version 3.251 26-apr-2022 - Licensed to David J Keeble
Input file: 
C:\Users\ftamb\Documents\GitHub\Palsfit\Batch 4\210ps FWHM\TD190\82.tmp
P O S I T R O N F I T . Version 3.251     Job time 03:32:45.21 13-MAR-23
************************************************************************
00001 Untitled 02:08:47.34 13-MAR-23
Intrinsic spectrum
************************************************************************
Dataset 1

Time scale   ns/channel       :   0.005000
Area range   starts in ch     1 and ends in ch   10000
Fit range    starts in ch  1366 and ends in ch    8283

----------------- I n i t i a l    P a r a m e t e r s -----------------
Resolution function:

FWHM (ns)           :    0.2100
Intensities (%)     :  100.0000
Shifts (ns)         :    0.0000

Time-zero (ch.no)   : 1403.0000G

Lifetimes (ns)      :    0.1425G   0.1900G


----------------- N o  S o u r c e  C o r r e c t i o n ----------------

####################### F i n a l  R e s u l t s #######################
Dataset 1

Convergence obtained after 6 iterations
Chi-square =      7453.67  with 6912 degrees of freedom
Reduced chi-square = chi-square/dof =    1.078  with std deviation 0.017
Significance of imperfect model = 100.00 %

Lifetimes (ns)      :    0.1425    0.1917
Std deviations      :    0.0019    0.0075

Intensities (%)     :   80.9768   19.0232
Std deviations      :    5.8984    5.8984

Mean lifetime(ns)   :    0.1518
Std deviation       :    0.0001

Background (counts/channel)   :     8.4870
             Std deviation    :     0.0350

Time-zero (channel no.)       :  1400.0232
             Std deviation    :     0.0221

Total area   from fit         : 5.73451E+06     from table : 5.73500E+06

######################### P o s i t r o n F i t ########################

Time for this job:     0.31 seconds.
