PALSfit - Version 3.251 26-apr-2022 - Licensed to David J Keeble
Input file: 
C:\Users\ftamb\Documents\GitHub\Palsfit\Batch 4\210ps FWHM\TD190\91.tmp
P O S I T R O N F I T . Version 3.251     Job time 03:33:12.32 13-MAR-23
************************************************************************
00001 Untitled 02:08:17.62 13-MAR-23
Intrinsic spectrum
************************************************************************
Dataset 1

Time scale   ns/channel       :   0.005000
Area range   starts in ch     1 and ends in ch   10000
Fit range    starts in ch  1366 and ends in ch    8283

----------------- I n i t i a l    P a r a m e t e r s -----------------
Resolution function:

FWHM (ns)           :    0.2100
Intensities (%)     :  100.0000
Shifts (ns)         :    0.0000

Time-zero (ch.no)   : 1403.0000G

Lifetimes (ns)      :    0.1466G   0.1900G


----------------- N o  S o u r c e  C o r r e c t i o n ----------------

####################### F i n a l  R e s u l t s #######################
Dataset 1

Convergence obtained after 7 iterations
Chi-square =      7425.53  with 6912 degrees of freedom
Reduced chi-square = chi-square/dof =    1.074  with std deviation 0.017
Significance of imperfect model = 100.00 %

Lifetimes (ns)      :    0.1472    0.1998
Std deviations      :    0.0015    0.0180

Intensities (%)     :   93.0871    6.9129
Std deviations      :    4.8683    4.8683

Mean lifetime(ns)   :    0.1508
Std deviation       :    0.0001

Background (counts/channel)   :     8.4859
             Std deviation    :     0.0350

Time-zero (channel no.)       :  1400.0165
             Std deviation    :     0.0211

Total area   from fit         : 5.73452E+06     from table : 5.73500E+06

######################### P o s i t r o n F i t ########################

Time for this job:     0.36 seconds.
