PALSfit - Version 3.251 26-apr-2022 - Licensed to David J Keeble
Input file: 
C:\Users\ftamb\Documents\GitHub\Palsfit\Batch 4\100ps FWHM\TD280\28.tmp
P O S I T R O N F I T . Version 3.251     Job time 03:19:14.84 13-MAR-23
************************************************************************
00001 Untitled 01:48:39.46 13-MAR-23
Intrinsic spectrum
************************************************************************
Dataset 1

Time scale   ns/channel       :   0.005000
Area range   starts in ch     1 and ends in ch   10000
Fit range    starts in ch  1385 and ends in ch    8282

----------------- I n i t i a l    P a r a m e t e r s -----------------
Resolution function:

FWHM (ns)           :    0.1000
Intensities (%)     :  100.0000
Shifts (ns)         :    0.0000

Time-zero (ch.no)   : 1403.0000G

Lifetimes (ns)      :    0.0525G   0.2800G


----------------- N o  S o u r c e  C o r r e c t i o n ----------------

####################### F i n a l  R e s u l t s #######################
Dataset 1

Convergence obtained after 6 iterations
Chi-square =      7363.91  with 6892 degrees of freedom
Reduced chi-square = chi-square/dof =    1.068  with std deviation 0.017
Significance of imperfect model = 100.00 %

Lifetimes (ns)      :    0.0528    0.2801
Std deviations      :    0.0004    0.0002

Intensities (%)     :   20.0535   79.9465
Std deviations      :    0.0826    0.0826

Mean lifetime(ns)   :    0.2345
Std deviation       :    0.0001

Background (counts/channel)   :     8.4803
             Std deviation    :     0.0353

Time-zero (channel no.)       :  1399.9905
             Std deviation    :     0.0189

Total area   from fit         : 5.73476E+06     from table : 5.73500E+06

######################### P o s i t r o n F i t ########################

Time for this job:     0.25 seconds.
