PALSfit - Version 3.251 26-apr-2022 - Licensed to David J Keeble
Input file: 
C:\Users\ftamb\Documents\GitHub\Palsfit\Batch 4\100ps FWHM\TD280\37.tmp
P O S I T R O N F I T . Version 3.251     Job time 03:19:38.54 13-MAR-23
************************************************************************
00001 Untitled 01:49:15.51 13-MAR-23
Intrinsic spectrum
************************************************************************
Dataset 1

Time scale   ns/channel       :   0.005000
Area range   starts in ch     1 and ends in ch   10000
Fit range    starts in ch  1385 and ends in ch    8282

----------------- I n i t i a l    P a r a m e t e r s -----------------
Resolution function:

FWHM (ns)           :    0.1000
Intensities (%)     :  100.0000
Shifts (ns)         :    0.0000

Time-zero (ch.no)   : 1403.0000G

Lifetimes (ns)      :    0.0720G   0.2800G


----------------- N o  S o u r c e  C o r r e c t i o n ----------------

####################### F i n a l  R e s u l t s #######################
Dataset 1

Convergence obtained after 6 iterations
Chi-square =      7361.21  with 6892 degrees of freedom
Reduced chi-square = chi-square/dof =    1.068  with std deviation 0.017
Significance of imperfect model = 100.00 %

Lifetimes (ns)      :    0.0724    0.2803
Std deviations      :    0.0004    0.0003

Intensities (%)     :   30.1501   69.8499
Std deviations      :    0.1217    0.1217

Mean lifetime(ns)   :    0.2176
Std deviation       :    0.0001

Background (counts/channel)   :     8.4799
             Std deviation    :     0.0353

Time-zero (channel no.)       :  1399.9949
             Std deviation    :     0.0149

Total area   from fit         : 5.73463E+06     from table : 5.73500E+06

######################### P o s i t r o n F i t ########################

Time for this job:     0.23 seconds.
