PALSfit - Version 3.251 26-apr-2022 - Licensed to David J Keeble
Input file: 
C:\Users\ftamb\Documents\GitHub\Palsfit\Batch 4\100ps FWHM\TD280\64.tmp
P O S I T R O N F I T . Version 3.251     Job time 03:25:42.42 13-MAR-23
************************************************************************
00001 Untitled 01:51:04.99 13-MAR-23
Intrinsic spectrum
************************************************************************
Dataset 1

Time scale   ns/channel       :   0.005000
Area range   starts in ch     1 and ends in ch   10000
Fit range    starts in ch  1385 and ends in ch    8282

----------------- I n i t i a l    P a r a m e t e r s -----------------
Resolution function:

FWHM (ns)           :    0.1000
Intensities (%)     :  100.0000
Shifts (ns)         :    0.0000

Time-zero (ch.no)   : 1403.0000G

Lifetimes (ns)      :    0.1145G   0.2800G


----------------- N o  S o u r c e  C o r r e c t i o n ----------------

####################### F i n a l  R e s u l t s #######################
Dataset 1

Convergence obtained after 6 iterations
Chi-square =      7333.38  with 6892 degrees of freedom
Reduced chi-square = chi-square/dof =    1.064  with std deviation 0.017
Significance of imperfect model =  99.99 %

Lifetimes (ns)      :    0.1144    0.2803
Std deviations      :    0.0004    0.0007

Intensities (%)     :   60.0837   39.9163
Std deviations      :    0.2605    0.2605

Mean lifetime(ns)   :    0.1806
Std deviation       :    0.0001

Background (counts/channel)   :     8.4803
             Std deviation    :     0.0353

Time-zero (channel no.)       :  1400.0084
             Std deviation    :     0.0115

Total area   from fit         : 5.73459E+06     from table : 5.73500E+06

######################### P o s i t r o n F i t ########################

Time for this job:     0.38 seconds.
