PALSfit - Version 3.251 26-apr-2022 - Licensed to David J Keeble
Input file: 
C:\Users\ftamb\Documents\GitHub\Palsfit\Batch 4\100ps FWHM\TD280\73.pfc
P O S I T R O N F I T . Version 3.251     Job time 03:26:49.40 13-MAR-23
************************************************************************
00001 Untitled 01:51:36.10 13-MAR-23
Intrinsic spectrum
************************************************************************
Dataset 1

Time scale   ns/channel       :   0.005000
Area range   starts in ch     1 and ends in ch   10000
Fit range    starts in ch  1385 and ends in ch    8282

----------------- I n i t i a l    P a r a m e t e r s -----------------
Resolution function:

FWHM (ns)           :    0.1000
Intensities (%)     :  100.0000
Shifts (ns)         :    0.0000

Time-zero (ch.no)   : 1404.0000G

Lifetimes (ns)      :    0.1251G   0.2800G


----------------- N o  S o u r c e  C o r r e c t i o n ----------------

####################### F i n a l  R e s u l t s #######################
Dataset 1

Convergence obtained after 6 iterations
Chi-square =      7402.27  with 6892 degrees of freedom
Reduced chi-square = chi-square/dof =    1.074  with std deviation 0.017
Significance of imperfect model = 100.00 %

Lifetimes (ns)      :    0.1249    0.2801
Std deviations      :    0.0004    0.0010

Intensities (%)     :   70.0264   29.9736
Std deviations      :    0.3094    0.3094

Mean lifetime(ns)   :    0.1715
Std deviation       :    0.0001

Background (counts/channel)   :     8.4817
             Std deviation    :     0.0353

Time-zero (channel no.)       :  1400.0129
             Std deviation    :     0.0110

Total area   from fit         : 5.73465E+06     from table : 5.73500E+06

######################### P o s i t r o n F i t ########################

Time for this job:     0.25 seconds.
