PALSfit - Version 3.251 26-apr-2022 - Licensed to David J Keeble
Input file: 
C:\Users\ftamb\Documents\GitHub\Palsfit\Batch 4\100ps FWHM\TD280\91.tmp
P O S I T R O N F I T . Version 3.251     Job time 03:27:41.52 13-MAR-23
************************************************************************
00001 Untitled 01:52:55.39 13-MAR-23
Intrinsic spectrum
************************************************************************
Dataset 1

Time scale   ns/channel       :   0.005000
Area range   starts in ch     1 and ends in ch   10000
Fit range    starts in ch  1386 and ends in ch    8282

----------------- I n i t i a l    P a r a m e t e r s -----------------
Resolution function:

FWHM (ns)           :    0.1000
Intensities (%)     :  100.0000
Shifts (ns)         :    0.0000

Time-zero (ch.no)   : 1404.0000G

Lifetimes (ns)      :    0.1426G   0.2800G


----------------- N o  S o u r c e  C o r r e c t i o n ----------------

####################### F i n a l  R e s u l t s #######################
Dataset 1

Convergence obtained after 7 iterations
Chi-square =      7362.37  with 6891 degrees of freedom
Reduced chi-square = chi-square/dof =    1.068  with std deviation 0.017
Significance of imperfect model = 100.00 %

Lifetimes (ns)      :    0.1425    0.2810
Std deviations      :    0.0003    0.0028

Intensities (%)     :   90.0741    9.9259
Std deviations      :    0.3744    0.3744

Mean lifetime(ns)   :    0.1563
Std deviation       :    0.0001

Background (counts/channel)   :     8.4843
             Std deviation    :     0.0352

Time-zero (channel no.)       :  1400.0116
             Std deviation    :     0.0104

Total area   from fit         : 5.73473E+06     from table : 5.73500E+06

######################### P o s i t r o n F i t ########################

Time for this job:     0.27 seconds.
