PALSfit3 called with parameter: C:\Users\ftamb\Documents\GitHub\Palsfit\Batch 6\50-50.pfc and options:           
PALSfit3 loading control file: C:\Users\ftamb\Documents\GitHub\Palsfit\Batch 6\50-50.pfc
Controlfile[1]=
Controlfile[2]=
Controlfile[3]=
Controlfile[4]=
Controlfile[5]=
Controlfile[6]=
Controlfile[7]=
Controlfile[8]=
POSITRONFIT control file: C:\Users\ftamb\Documents\GitHub\Palsfit\Batch 6\50-50.pfc loaded
POSITRONFIT control file: C:\Users\ftamb\Documents\GitHub\Palsfit\Batch 6\50-50.pfc loaded at startup
Controlfile[1]=
Controlfile[2]=
Controlfile[3]=
Controlfile[4]=
Controlfile[5]=
Controlfile[6]=
Controlfile[7]=
Controlfile[8]=
