PALSfit - Version 3.251 26-apr-2022 - Licensed to David J Keeble
Input file: C:\Users\ftamb\Documents\GitHub\Palsfit\Batch 3\si...\220_20_80.tmp
P O S I T R O N F I T . Version 3.251     Job time 01:02:48.25 24-FEB-23
************************************************************************
00001 Untitled 06:16:29.76 13-FEB-23
Intrinsic spectrum
************************************************************************
Dataset 1

Time scale   ns/channel       :   0.005000
Area range   starts in ch     1 and ends in ch   10000
Fit range    starts in ch  1372 and ends in ch    8283

----------------- I n i t i a l    P a r a m e t e r s -----------------
Resolution function:

FWHM (ns)           :    0.1800
Intensities (%)     :  100.0000
Shifts (ns)         :    0.0000

Time-zero (ch.no)   : 1405.0000G

Lifetimes (ns)      :    0.1500G   0.2200G


----------------- N o  S o u r c e  C o r r e c t i o n ----------------

####################### F i n a l  R e s u l t s #######################
Dataset 1

Convergence obtained after 16 iterations
Chi-square =      7420.94  with 6906 degrees of freedom
Reduced chi-square = chi-square/dof =    1.075  with std deviation 0.017
Significance of imperfect model = 100.00 %

Lifetimes (ns)      :    0.1459    0.2193
Std deviations      :    0.0060    0.0013

Intensities (%)     :   18.4156   81.5844
Std deviations      :    2.8646    2.8646

Mean lifetime(ns)   :    0.2058
Std deviation       :    0.0001

Background (counts/channel)   :     8.4843
             Std deviation    :     0.0351

Time-zero (channel no.)       :  1400.0331
             Std deviation    :     0.0235

Total area   from fit         : 5.73453E+06     from table : 5.73500E+06

######################### P o s i t r o n F i t ########################

Time for this job:     0.30 seconds.
