PALSfit - Version 3.251 26-apr-2022 - Licensed to David J Keeble
Input file: C:\Users\ftamb\Documents\GitHub\Palsfit\Batch 3\si...\230_20_80.tmp
P O S I T R O N F I T . Version 3.251     Job time 01:04:07.36 24-FEB-23
************************************************************************
00001 Untitled 00:29:36.92 24-FEB-23
Intrinsic spectrum
************************************************************************
Dataset 1

Time scale   ns/channel       :   0.005000
Area range   starts in ch     1 and ends in ch   10000
Fit range    starts in ch  1373 and ends in ch    8284

----------------- I n i t i a l    P a r a m e t e r s -----------------
Resolution function:

FWHM (ns)           :    0.1800
Intensities (%)     :  100.0000
Shifts (ns)         :    0.0000

Time-zero (ch.no)   : 1405.0000G

Lifetimes (ns)      :    0.1500G   0.2300G


----------------- N o  S o u r c e  C o r r e c t i o n ----------------

####################### F i n a l  R e s u l t s #######################
Dataset 1

Convergence obtained after 14 iterations
Chi-square =      7373.34  with 6906 degrees of freedom
Reduced chi-square = chi-square/dof =    1.068  with std deviation 0.017
Significance of imperfect model = 100.00 %

Lifetimes (ns)      :    0.1469    0.2295
Std deviations      :    0.0051    0.0012

Intensities (%)     :   18.9776   81.0224
Std deviations      :    2.2237    2.2237

Mean lifetime(ns)   :    0.2138
Std deviation       :    0.0001

Background (counts/channel)   :     8.4829
             Std deviation    :     0.0352

Time-zero (channel no.)       :  1400.0308
             Std deviation    :     0.0240

Total area   from fit         : 5.73456E+06     from table : 5.73500E+06

######################### P o s i t r o n F i t ########################

Time for this job:     0.31 seconds.
