PALSfit - Version 3.251 26-apr-2022 - Licensed to David J Keeble
Input file: C:\Users\ftamb\Documents\GitHub\Palsfit\Batch 3\si...\230_50_50.tmp
P O S I T R O N F I T . Version 3.251     Job time 01:04:36.53 24-FEB-23
************************************************************************
00001 Untitled 00:28:50.63 24-FEB-23
Intrinsic spectrum
************************************************************************
Dataset 1

Time scale   ns/channel       :   0.005000
Area range   starts in ch     1 and ends in ch   10000
Fit range    starts in ch  1372 and ends in ch    8283

----------------- I n i t i a l    P a r a m e t e r s -----------------
Resolution function:

FWHM (ns)           :    0.1800
Intensities (%)     :  100.0000
Shifts (ns)         :    0.0000

Time-zero (ch.no)   : 1404.0000G

Lifetimes (ns)      :    0.1500G   0.2300G


----------------- N o  S o u r c e  C o r r e c t i o n ----------------

####################### F i n a l  R e s u l t s #######################
Dataset 1

Convergence obtained after 11 iterations
Chi-square =      7381.52  with 6906 degrees of freedom
Reduced chi-square = chi-square/dof =    1.069  with std deviation 0.017
Significance of imperfect model = 100.00 %

Lifetimes (ns)      :    0.1486    0.2289
Std deviations      :    0.0019    0.0018

Intensities (%)     :   48.7034   51.2966
Std deviations      :    2.1575    2.1575

Mean lifetime(ns)   :    0.1898
Std deviation       :    0.0001

Background (counts/channel)   :     8.4844
             Std deviation    :     0.0352

Time-zero (channel no.)       :  1400.0277
             Std deviation    :     0.0210

Total area   from fit         : 5.73451E+06     from table : 5.73500E+06

######################### P o s i t r o n F i t ########################

Time for this job:     0.30 seconds.
