
 *****************************************************************
 Parameters used in spectrum generation with header:
 Untitled

 Next spectrum number:                1
 Number of spectrum channels:     10000

 Resolution function
 Fwhm(ns):                   0.21330   0.15020   0.26570
 Intensities(%):            80.00000  10.00000  10.00000
 Shifts(ns):                 0.00000  -0.00500   0.01700

 Lifetime components
 Lifetimes(ns):              0.22000   0.30000
 Intensities(%):            50.00000  50.00000

 Background:                 8.50000

 Time-zero channel:       1400.00000

 Time scale (ns/ch):         0.00500

 Input area without backgr:      5.6500000E+06

 Initial random number:            2

 Input area with background:     5.7350000E+06

 Number of generated spectra:                1
 -----------------------------------------------------------------

 Generating spectrum no.    1. with initial random number: 2
00001 Untitled 11:33:50.12 31-OCT-23
