PALSfit - Version 3.251 26-apr-2022 - Licensed to David J Keeble
Input file: C:\Users\ftamb\Documents\GitHub\Palsfit\Batch 7\348-440\50-50.pfc
P O S I T R O N F I T . Version 3.251     Job time 13:15:23.90 04-FEB-24
************************************************************************
00001 Untitled 12:56:12.30 04-FEB-24
Intrinsic spectrum
************************************************************************
Dataset 1

Time scale   ns/channel       :   0.003000
Area range   starts in ch     1 and ends in ch   10000
Fit range    starts in ch  2940 and ends in ch    8609

----------------- I n i t i a l    P a r a m e t e r s -----------------
Resolution function:

FWHM (ns)           :    0.2036    0.3022    0.1573
Intensities (%)     :   60.0000   30.0000   10.0000
Shifts (ns)         :    0.0000    0.0203   -0.0847

Time-zero (ch.no)   : 3010.0000G

Lifetimes (ns)      :    0.3440G   0.4400G   2.6000G


----------------- N o  S o u r c e  C o r r e c t i o n ----------------

####################### F i n a l  R e s u l t s #######################
Dataset 1

Convergence obtained after 20 iterations
Chi-square =      4768.07  with 5662 degrees of freedom
Reduced chi-square = chi-square/dof =    0.842  with std deviation 0.019
Significance of imperfect model =   0.00 %

Lifetimes (ns)      :    0.3457    0.4401    2.4175
Std deviations      :    0.0095    0.0111    0.1502

Intensities (%)     :   50.9933   48.8427    0.1641
Std deviations      :   10.7069   10.6975    0.0136

Mean lifetime(ns)   :    0.3952
Std deviation       :    0.0002

Background (counts/channel)   :     0.5293
             Std deviation    :     0.0330

Time-zero (channel no.)       :  3000.0028
             Std deviation    :     0.0358

Total area   from fit         : 1.00052E+07     from table : 1.00050E+07

######################### P o s i t r o n F i t ########################

Time for this job:     1.08 seconds.
