PALSfit - Version 3.251 26-apr-2022 - Licensed to David J Keeble
Input file: C:\Users\ftamb\Documents\GitHub\Palsfit\Batch 3\si...\180_20_80.pfc
P O S I T R O N F I T . Version 3.251     Job time 22:58:38.42 09-FEB-23
************************************************************************
00001 Untitled 03:09:39.30 08-FEB-23
Intrinsic spectrum
************************************************************************
Dataset 1

Time scale   ns/channel       :   0.005000
Area range   starts in ch     1 and ends in ch   10000
Fit range    starts in ch  1367 and ends in ch    8283

----------------- I n i t i a l    P a r a m e t e r s -----------------
Resolution function:

FWHM (ns)           :    0.2100
Intensities (%)     :  100.0000
Shifts (ns)         :    0.0000

Time-zero (ch.no)   : 1404.0000G

Lifetimes (ns)      :    0.1500G   0.1800G


----------------- N o  S o u r c e  C o r r e c t i o n ----------------

####################### F i n a l  R e s u l t s #######################
Dataset 1

Convergence obtained after 22 iterations
Chi-square =      7373.77  with 6911 degrees of freedom
Reduced chi-square = chi-square/dof =    1.067  with std deviation 0.017
Significance of imperfect model =  99.99 %

Lifetimes (ns)      :    0.1332    0.1778
Std deviations      :    0.0224    0.0021

Intensities (%)     :    9.0954   90.9046
Std deviations      :    8.6297    8.6297

Mean lifetime(ns)   :    0.1738
Std deviation       :    0.0002

Background (counts/channel)   :     8.4864
             Std deviation    :     0.0350

Time-zero (channel no.)       :  1400.0367
             Std deviation    :     0.0280

Total area   from fit         : 5.73448E+06     from table : 5.73500E+06

######################### P o s i t r o n F i t ########################

Time for this job:     0.34 seconds.
