PALSfit - Version 3.251 26-apr-2022 - Licensed to David J Keeble
Input file: C:\Users\ftamb\Documents\GitHub\Palsfit\Batch 3\si...\180_50_50.pfc
P O S I T R O N F I T . Version 3.251     Job time 22:59:22.53 09-FEB-23
************************************************************************
00001 Untitled 03:10:26.82 08-FEB-23
Intrinsic spectrum
************************************************************************
Dataset 1

Time scale   ns/channel       :   0.005000
Area range   starts in ch     1 and ends in ch   10000
Fit range    starts in ch  1366 and ends in ch    8283

----------------- I n i t i a l    P a r a m e t e r s -----------------
Resolution function:

FWHM (ns)           :    0.2100
Intensities (%)     :  100.0000
Shifts (ns)         :    0.0000

Time-zero (ch.no)   : 1403.0000G

Lifetimes (ns)      :    0.1000G   0.5000G


----------------- N o  S o u r c e  C o r r e c t i o n ----------------

####################### F i n a l  R e s u l t s #######################
Dataset 1

Convergence obtained after 18 iterations
Chi-square =      7371.59  with 6912 degrees of freedom
Reduced chi-square = chi-square/dof =    1.066  with std deviation 0.017
Significance of imperfect model =  99.99 %

Lifetimes (ns)      :    0.1457    0.1771
Std deviations      :    0.0100    0.0061

Intensities (%)     :   39.1311   60.8689
Std deviations      :   24.0285   24.0285

Mean lifetime(ns)   :    0.1648
Std deviation       :    0.0001

Background (counts/channel)   :     8.4864
             Std deviation    :     0.0350

Time-zero (channel no.)       :  1400.0266
             Std deviation    :     0.0247

Total area   from fit         : 5.73452E+06     from table : 5.73500E+06

######################### P o s i t r o n F i t ########################

Time for this job:     0.31 seconds.
