PALSfit - Version 3.251 26-apr-2022 - Licensed to David J Keeble
Input file: C:\Users\ftamb\Documents\GitHub\Palsfit\Batch 3\si...\190_80_20.tmp
P O S I T R O N F I T . Version 3.251     Job time 23:02:27.96 09-FEB-23
************************************************************************
00001 Untitled 03:13:32.60 08-FEB-23
Intrinsic spectrum
************************************************************************
Dataset 1

Time scale   ns/channel       :   0.005000
Area range   starts in ch     1 and ends in ch   10000
Fit range    starts in ch  1367 and ends in ch    8283

----------------- I n i t i a l    P a r a m e t e r s -----------------
Resolution function:

FWHM (ns)           :    0.2100
Intensities (%)     :  100.0000
Shifts (ns)         :    0.0000

Time-zero (ch.no)   : 1403.0000G

Lifetimes (ns)      :    0.1500G   0.1900G


----------------- N o  S o u r c e  C o r r e c t i o n ----------------

####################### F i n a l  R e s u l t s #######################
Dataset 1

Convergence obtained after 7 iterations
Chi-square =      7408.95  with 6911 degrees of freedom
Reduced chi-square = chi-square/dof =    1.072  with std deviation 0.017
Significance of imperfect model = 100.00 %

Lifetimes (ns)      :    0.1496    0.1907
Std deviations      :    0.0029    0.0109

Intensities (%)     :   80.0565   19.9435
Std deviations      :   10.7758   10.7758

Mean lifetime(ns)   :    0.1578
Std deviation       :    0.0001

Background (counts/channel)   :     8.4868
             Std deviation    :     0.0350

Time-zero (channel no.)       :  1400.0272
             Std deviation    :     0.0225

Total area   from fit         : 5.73444E+06     from table : 5.73500E+06

######################### P o s i t r o n F i t ########################

Time for this job:     0.22 seconds.
