PALSfit - Version 3.251 26-apr-2022 - Licensed to David J Keeble
Input file: C:\Users\ftamb\Documents\GitHub\Palsfit\Batch 3\si...\190_20_80.tmp
P O S I T R O N F I T . Version 3.251     Job time 23:00:46.47 09-FEB-23
************************************************************************
00001 Untitled 03:14:08.28 08-FEB-23
in file: .\190_20_80.dat
************************************************************************
Dataset 1

Time scale   ns/channel       :   0.005000
Area range   starts in ch     1 and ends in ch   10000
Fit range    starts in ch  1367 and ends in ch    8284

----------------- I n i t i a l    P a r a m e t e r s -----------------
Resolution function:

FWHM (ns)           :    0.2100
Intensities (%)     :  100.0000
Shifts (ns)         :    0.0000

Time-zero (ch.no)   : 1404.0000G

Lifetimes (ns)      :    0.1500G   0.1900G


----------------- N o  S o u r c e  C o r r e c t i o n ----------------

####################### F i n a l  R e s u l t s #######################
Dataset 1

Convergence obtained after 17 iterations
Chi-square =      7386.48  with 6912 degrees of freedom
Reduced chi-square = chi-square/dof =    1.069  with std deviation 0.017
Significance of imperfect model = 100.00 %

Lifetimes (ns)      :    0.1391    0.1883
Std deviations      :    0.0143    0.0021

Intensities (%)     :   13.2714   86.7286
Std deviations      :    7.2823    7.2823

Mean lifetime(ns)   :    0.1818
Std deviation       :    0.0002

Background (counts/channel)   :     8.4855
             Std deviation    :     0.0350

Time-zero (channel no.)       :  1400.0362
             Std deviation    :     0.0275

Total area   from fit         : 5.73454E+06     from table : 5.73500E+06

######################### P o s i t r o n F i t ########################

Time for this job:     0.31 seconds.
