PALSfit - Version 3.251 26-apr-2022 - Licensed to David J Keeble
Input file: C:\Users\ftamb\Documents\GitHub\Palsfit\Batch 3\si...\210_50_50.pfc
P O S I T R O N F I T . Version 3.251     Job time 07:26:39.57 13-FEB-23
************************************************************************
00001 Untitled 03:18:10.04 08-FEB-23
Intrinsic spectrum
************************************************************************
Dataset 1

Time scale   ns/channel       :   0.005000
Area range   starts in ch     1 and ends in ch   10000
Fit range    starts in ch  1367 and ends in ch    8283

----------------- I n i t i a l    P a r a m e t e r s -----------------
Resolution function:

FWHM (ns)           :    0.2100
Intensities (%)     :  100.0000
Shifts (ns)         :    0.0000

Time-zero (ch.no)   : 1404.0000G

Lifetimes (ns)      :    0.1500G   0.2100G


----------------- N o  S o u r c e  C o r r e c t i o n ----------------

####################### F i n a l  R e s u l t s #######################
Dataset 1

Convergence obtained after 11 iterations
Chi-square =      7332.20  with 6911 degrees of freedom
Reduced chi-square = chi-square/dof =    1.061  with std deviation 0.017
Significance of imperfect model =  99.98 %

Lifetimes (ns)      :    0.1475    0.2081
Std deviations      :    0.0031    0.0025

Intensities (%)     :   46.7280   53.2720
Std deviations      :    4.4229    4.4229

Mean lifetime(ns)   :    0.1798
Std deviation       :    0.0001

Background (counts/channel)   :     8.4852
             Std deviation    :     0.0351

Time-zero (channel no.)       :  1400.0342
             Std deviation    :     0.0247

Total area   from fit         : 5.73450E+06     from table : 5.73500E+06

######################### P o s i t r o n F i t ########################

Time for this job:     0.25 seconds.
