PALSfit - Version 3.251 26-apr-2022 - Licensed to David J Keeble
Input file: C:\Users\ftamb\Documents\GitHub\Palsfit\Batch 3\si...\210_20_80.tmp
P O S I T R O N F I T . Version 3.251     Job time 23:07:41.49 09-FEB-23
************************************************************************
00001 Untitled 03:18:46.94 08-FEB-23
Intrinsic spectrum
************************************************************************
Dataset 1

Time scale   ns/channel       :   0.005000
Area range   starts in ch     1 and ends in ch   10000
Fit range    starts in ch  1367 and ends in ch    8284

----------------- I n i t i a l    P a r a m e t e r s -----------------
Resolution function:

FWHM (ns)           :    0.2100
Intensities (%)     :  100.0000
Shifts (ns)         :    0.0000

Time-zero (ch.no)   : 1404.0000G

Lifetimes (ns)      :    0.1500G   0.2100G


----------------- N o  S o u r c e  C o r r e c t i o n ----------------

####################### F i n a l  R e s u l t s #######################
Dataset 1

Convergence obtained after 15 iterations
Chi-square =      7357.00  with 6912 degrees of freedom
Reduced chi-square = chi-square/dof =    1.064  with std deviation 0.017
Significance of imperfect model =  99.99 %

Lifetimes (ns)      :    0.1431    0.2088
Std deviations      :    0.0079    0.0015

Intensities (%)     :   16.8265   83.1735
Std deviations      :    3.8045    3.8045

Mean lifetime(ns)   :    0.1978
Std deviation       :    0.0002

Background (counts/channel)   :     8.4846
             Std deviation    :     0.0351

Time-zero (channel no.)       :  1400.0393
             Std deviation    :     0.0278

Total area   from fit         : 5.73454E+06     from table : 5.73500E+06

######################### P o s i t r o n F i t ########################

Time for this job:     0.31 seconds.
