PALSfit - Version 3.251 26-apr-2022 - Licensed to David J Keeble
Input file: C:\Users\ftamb\Documents\GitHub\Palsfit\Batch 3\si...\220_20_80.tmp
P O S I T R O N F I T . Version 3.251     Job time 23:09:40.47 09-FEB-23
************************************************************************
00001 Untitled 03:19:22.96 08-FEB-23
Intrinsic spectrum
************************************************************************
Dataset 1

Time scale   ns/channel       :   0.005000
Area range   starts in ch     1 and ends in ch   10000
Fit range    starts in ch  1367 and ends in ch    8284

----------------- I n i t i a l    P a r a m e t e r s -----------------
Resolution function:

FWHM (ns)           :    0.2100
Intensities (%)     :  100.0000
Shifts (ns)         :    0.0000

Time-zero (ch.no)   : 1404.0000G

Lifetimes (ns)      :    0.1500G   0.2200G


----------------- N o  S o u r c e  C o r r e c t i o n ----------------

####################### F i n a l  R e s u l t s #######################
Dataset 1

Convergence obtained after 13 iterations
Chi-square =      7420.44  with 6912 degrees of freedom
Reduced chi-square = chi-square/dof =    1.074  with std deviation 0.017
Significance of imperfect model = 100.00 %

Lifetimes (ns)      :    0.1443    0.2190
Std deviations      :    0.0064    0.0013

Intensities (%)     :   17.7716   82.2284
Std deviations      :    2.8642    2.8642

Mean lifetime(ns)   :    0.2058
Std deviation       :    0.0002

Background (counts/channel)   :     8.4843
             Std deviation    :     0.0351

Time-zero (channel no.)       :  1400.0413
             Std deviation    :     0.0281

Total area   from fit         : 5.73451E+06     from table : 5.73500E+06

######################### P o s i t r o n F i t ########################

Time for this job:     0.31 seconds.
