PALSfit - Version 3.251 26-apr-2022 - Licensed to David J Keeble
Input file: C:\Users\ftamb\Documents\GitHub\Palsfit\Batch 3\si...\230_20_80.tmp
P O S I T R O N F I T . Version 3.251     Job time 23:11:08.51 09-FEB-23
************************************************************************
00001 Untitled 03:22:23.61 08-FEB-23
Intrinsic spectrum
************************************************************************
Dataset 1

Time scale   ns/channel       :   0.005000
Area range   starts in ch     1 and ends in ch   10000
Fit range    starts in ch  1368 and ends in ch    8284

----------------- I n i t i a l    P a r a m e t e r s -----------------
Resolution function:

FWHM (ns)           :    0.2100
Intensities (%)     :  100.0000
Shifts (ns)         :    0.0000

Time-zero (ch.no)   : 1404.0000G

Lifetimes (ns)      :    0.1500G   0.2300G


----------------- N o  S o u r c e  C o r r e c t i o n ----------------

####################### F i n a l  R e s u l t s #######################
Dataset 1

Convergence obtained after 11 iterations
Chi-square =      7406.60  with 6911 degrees of freedom
Reduced chi-square = chi-square/dof =    1.072  with std deviation 0.017
Significance of imperfect model = 100.00 %

Lifetimes (ns)      :    0.1453    0.2292
Std deviations      :    0.0054    0.0012

Intensities (%)     :   18.4303   81.5697
Std deviations      :    2.2344    2.2344

Mean lifetime(ns)   :    0.2138
Std deviation       :    0.0002

Background (counts/channel)   :     8.4836
             Std deviation    :     0.0352

Time-zero (channel no.)       :  1400.0416
             Std deviation    :     0.0286

Total area   from fit         : 5.73454E+06     from table : 5.73500E+06

######################### P o s i t r o n F i t ########################

Time for this job:     0.30 seconds.
