PALSfit - Version 3.251 26-apr-2022 - Licensed to David J Keeble
Input file: C:\Users\ftamb\Documents\GitHub\Palsfit\Batch 3\si...\230_50_50.tmp
P O S I T R O N F I T . Version 3.251     Job time 23:11:40.32 09-FEB-23
************************************************************************
00001 Untitled 03:21:42.82 08-FEB-23
Intrinsic spectrum
************************************************************************
Dataset 1

Time scale   ns/channel       :   0.005000
Area range   starts in ch     1 and ends in ch   10000
Fit range    starts in ch  1367 and ends in ch    8283

----------------- I n i t i a l    P a r a m e t e r s -----------------
Resolution function:

FWHM (ns)           :    0.2100
Intensities (%)     :  100.0000
Shifts (ns)         :    0.0000

Time-zero (ch.no)   : 1404.0000G

Lifetimes (ns)      :    0.1500G   0.2300G


----------------- N o  S o u r c e  C o r r e c t i o n ----------------

####################### F i n a l  R e s u l t s #######################
Dataset 1

Convergence obtained after 13 iterations
Chi-square =      7411.43  with 6911 degrees of freedom
Reduced chi-square = chi-square/dof =    1.072  with std deviation 0.017
Significance of imperfect model = 100.00 %

Lifetimes (ns)      :    0.1481    0.2286
Std deviations      :    0.0020    0.0018

Intensities (%)     :   48.3000   51.7000
Std deviations      :    2.2663    2.2663

Mean lifetime(ns)   :    0.1897
Std deviation       :    0.0001

Background (counts/channel)   :     8.4846
             Std deviation    :     0.0352

Time-zero (channel no.)       :  1400.0373
             Std deviation    :     0.0247

Total area   from fit         : 5.73447E+06     from table : 5.73500E+06

######################### P o s i t r o n F i t ########################

Time for this job:     0.33 seconds.
