PALSfit - Version 3.251 26-apr-2022 - Licensed to David J Keeble
Input file: 
C:\Users\ftamb\Documents\GitHub\Palsfit\Batch 8\3 lifetimes\0595.pfc
P O S I T R O N F I T . Version 3.251     Job time 21:03:15.82 24-FEB-24
************************************************************************
00001 Untitled 21:01:27.80 24-FEB-24
Intrinsic spectrum
************************************************************************
Dataset 1

Time scale   ns/channel       :   0.003000
Area range   starts in ch     1 and ends in ch   10000
Fit range    starts in ch  2939 and ends in ch    8607

----------------- I n i t i a l    P a r a m e t e r s -----------------
Resolution function:

FWHM (ns)           :    0.2036    0.3022    0.1573
Intensities (%)     :   60.0000   30.0000   10.0000
Shifts (ns)         :    0.0000    0.0203   -0.0847

Time-zero (ch.no)   : 3008.0000G

Lifetimes (ns)      :    0.1290G   0.3700G   2.0000G


----------------- N o  S o u r c e  C o r r e c t i o n ----------------

####################### F i n a l  R e s u l t s #######################
Dataset 1

Convergence obtained after 6 iterations
Chi-square =      4369.81  with 5661 degrees of freedom
Reduced chi-square = chi-square/dof =    0.772  with std deviation 0.019
Significance of imperfect model =   0.00 %

Lifetimes (ns)      :    0.1335    0.3700    1.9023
Std deviations      :    0.0059    0.0005    0.0913

Intensities (%)     :    4.9803   94.8609    0.1587
Std deviations      :    0.2409    0.2357    0.0112

Mean lifetime(ns)   :    0.3607
Std deviation       :    0.0002

Background (counts/channel)   :     0.5228
             Std deviation    :     0.0244

Time-zero (channel no.)       :  2999.9670
             Std deviation    :     0.0582

Total area   from fit         : 1.00053E+07     from table : 1.00050E+07

######################### P o s i t r o n F i t ########################

Time for this job:     0.41 seconds.
