PALSfit - Version 3.251 26-apr-2022 - Licensed to David J Keeble
Input file: 
C:\Users\ftamb\Documents\GitHub\Palsfit\Batch 8\3 lifetimes\1090.pfc
P O S I T R O N F I T . Version 3.251     Job time 19:57:05.46 09-APR-24
************************************************************************
00001 Untitled 21:01:37.94 24-FEB-24
Intrinsic spectrum
************************************************************************
Dataset 1

Time scale   ns/channel       :   0.003000
Area range   starts in ch     1 and ends in ch   10000
Fit range    starts in ch  2940 and ends in ch    8609

----------------- I n i t i a l    P a r a m e t e r s -----------------
Resolution function:

FWHM (ns)           :    0.2036    0.3022    0.1573
Intensities (%)     :   60.0000   30.0000   10.0000
Shifts (ns)         :    0.0000    0.0203   -0.0847

Time-zero (ch.no)   : 3008.0000G

Lifetimes (ns)      :    0.1869G   0.3700G   2.0000G


----------------- N o  S o u r c e  C o r r e c t i o n ----------------

####################### F i n a l  R e s u l t s #######################
Dataset 1

Convergence obtained after 10 iterations
Chi-square =      4371.96  with 5662 degrees of freedom
Reduced chi-square = chi-square/dof =    0.772  with std deviation 0.019
Significance of imperfect model =   0.00 %

Lifetimes (ns)      :    0.1897    0.3702    1.9071
Std deviations      :    0.0064    0.0009    0.0966

Intensities (%)     :    9.5918   90.2498    0.1584
Std deviations      :    0.6982    0.6915    0.0120

Mean lifetime(ns)   :    0.3553
Std deviation       :    0.0002

Background (counts/channel)   :     0.5217
             Std deviation    :     0.0247

Time-zero (channel no.)       :  3000.0083
             Std deviation    :     0.0455

Total area   from fit         : 1.00052E+07     from table : 1.00050E+07

######################### P o s i t r o n F i t ########################

Time for this job:     0.52 seconds.
