PALSfit - Version 3.251 26-apr-2022 - Licensed to David J Keeble
Input file: 
C:\Users\ftamb\Documents\GitHub\Palsfit\Batch 8\3 lifetimes\4060.tmp
P O S I T R O N F I T . Version 3.251     Job time 21:04:45.30 24-FEB-24
************************************************************************
00001 Untitled 21:01:56.63 24-FEB-24
Intrinsic spectrum
************************************************************************
Dataset 1

Time scale   ns/channel       :   0.003000
Area range   starts in ch     1 and ends in ch   10000
Fit range    starts in ch  2939 and ends in ch    8607

----------------- I n i t i a l    P a r a m e t e r s -----------------
Resolution function:

FWHM (ns)           :    0.2036    0.3022    0.1573
Intensities (%)     :   60.0000   30.0000   10.0000
Shifts (ns)         :    0.0000    0.0203   -0.0847

Time-zero (ch.no)   : 3009.0000G

Lifetimes (ns)      :    0.3021G   0.3700G   2.0000G


----------------- N o  S o u r c e  C o r r e c t i o n ----------------

####################### F i n a l  R e s u l t s #######################
Dataset 1

Convergence obtained after 13 iterations
Chi-square =      4371.87  with 5661 degrees of freedom
Reduced chi-square = chi-square/dof =    0.772  with std deviation 0.019
Significance of imperfect model =   0.00 %

Lifetimes (ns)      :    0.3121    0.3781    1.8812
Std deviations      :    0.0130    0.0167    0.1154

Intensities (%)     :   54.1291   45.7106    0.1603
Std deviations      :   21.9101   21.8983    0.0166

Mean lifetime(ns)   :    0.3448
Std deviation       :    0.0002

Background (counts/channel)   :     0.5263
             Std deviation    :     0.0252

Time-zero (channel no.)       :  3000.0010
             Std deviation    :     0.0350

Total area   from fit         : 1.00052E+07     from table : 1.00050E+07

######################### P o s i t r o n F i t ########################

Time for this job:     0.73 seconds.
