PALSfit - Version 3.251 26-apr-2022 - Licensed to David J Keeble
Input file: 
C:\Users\ftamb\Documents\GitHub\Palsfit\Batch 8\3 lifetimes\7030.tmp
P O S I T R O N F I T . Version 3.251     Job time 21:06:09.41 24-FEB-24
************************************************************************
00001 Untitled 21:02:17.81 24-FEB-24
Intrinsic spectrum
************************************************************************
Dataset 1

Time scale   ns/channel       :   0.003000
Area range   starts in ch     1 and ends in ch   10000
Fit range    starts in ch  2939 and ends in ch    8608

----------------- I n i t i a l    P a r a m e t e r s -----------------
Resolution function:

FWHM (ns)           :    0.2036    0.3022    0.1573
Intensities (%)     :   60.0000   30.0000   10.0000
Shifts (ns)         :    0.0000    0.0203   -0.0847

Time-zero (ch.no)   : 3008.0000G

Lifetimes (ns)      :    0.3257G   0.3700G   2.0000G


----------------- N o  S o u r c e  C o r r e c t i o n ----------------

####################### F i n a l  R e s u l t s #######################
Dataset 1

Convergence obtained after 14 iterations
Chi-square =      4385.42  with 5662 degrees of freedom
Reduced chi-square = chi-square/dof =    0.775  with std deviation 0.019
Significance of imperfect model =   0.00 %

Lifetimes (ns)      :    0.3330    0.3976    1.8875
Std deviations      :    0.0093    0.0816    0.1247

Intensities (%)     :   88.8579   10.9821    0.1599
Std deviations      :   26.4042   26.3904    0.0185

Mean lifetime(ns)   :    0.3426
Std deviation       :    0.0002

Background (counts/channel)   :     0.5250
             Std deviation    :     0.0256

Time-zero (channel no.)       :  3000.0026
             Std deviation    :     0.0336

Total area   from fit         : 1.00052E+07     from table : 1.00050E+07

######################### P o s i t r o n F i t ########################

Time for this job:     0.77 seconds.
