PALSfit - Version 3.251 26-apr-2022 - Licensed to David J Keeble
Input file: 
C:\Users\ftamb\Documents\GitHub\Palsfit\Batch 8\3 lifetimes\8020.tmp
P O S I T R O N F I T . Version 3.251     Job time 21:08:02.89 24-FEB-24
************************************************************************
00001 Untitled 21:02:27.60 24-FEB-24
Intrinsic spectrum
************************************************************************
Dataset 1

Time scale   ns/channel       :   0.003000
Area range   starts in ch     1 and ends in ch   10000
Fit range    starts in ch  2939 and ends in ch    8608

----------------- I n i t i a l    P a r a m e t e r s -----------------
Resolution function:

FWHM (ns)           :    0.2036    0.3022    0.1573
Intensities (%)     :   60.0000   30.0000   10.0000
Shifts (ns)         :    0.0000    0.0203   -0.0847

Time-zero (ch.no)   : 3009.0000G

Lifetimes (ns)      :    0.3320G   0.3700G   2.0000G


----------------- N o  S o u r c e  C o r r e c t i o n ----------------

####################### F i n a l  R e s u l t s #######################
Dataset 1

Convergence obtained after 7 iterations
Chi-square =      4400.43  with 5662 degrees of freedom
Reduced chi-square = chi-square/dof =    0.777  with std deviation 0.019
Significance of imperfect model =   0.00 %

Lifetimes (ns)      :    0.3373    0.4401    1.9073
Std deviations      :    0.0038    0.2010    0.1406

Intensities (%)     :   97.7595    2.0840    0.1565
Std deviations      :    7.4466    7.4304    0.0210

Mean lifetime(ns)   :    0.3419
Std deviation       :    0.0002

Background (counts/channel)   :     0.5233
             Std deviation    :     0.0262

Time-zero (channel no.)       :  3000.0023
             Std deviation    :     0.0324

Total area   from fit         : 1.00053E+07     from table : 1.00050E+07

######################### P o s i t r o n F i t ########################

Time for this job:     0.48 seconds.
